2025-06-20 15:20:58 [main] INFO  com.kezhang.tliasbackend.TliasBackendApplication - Starting TliasBackendApplication using Java 21.0.7 with PID 93090 (/Users/zhangke/Documents/Projects/Tlias_SchoolManagementSystem/tlias-backend/target/classes started by zhangke in /Users/zhangke/Documents/Projects/Tlias_SchoolManagementSystem)
2025-06-20 15:20:58 [main] INFO  com.kezhang.tliasbackend.TliasBackendApplication - No active profile set, falling back to 1 default profile: "default"
2025-06-20 15:20:58 [main] INFO  o.s.boot.web.embedded.tomcat.TomcatWebServer - Tomcat initialized with port 8080 (http)
2025-06-20 15:20:58 [main] INFO  org.apache.coyote.http11.Http11NioProtocol - Initializing ProtocolHandler ["http-nio-8080"]
2025-06-20 15:20:58 [main] INFO  org.apache.catalina.core.StandardService - Starting service [Tomcat]
2025-06-20 15:20:58 [main] INFO  org.apache.catalina.core.StandardEngine - Starting Servlet engine: [Apache Tomcat/10.1.41]
2025-06-20 15:20:58 [main] INFO  o.a.c.core.ContainerBase.[Tomcat].[localhost].[/] - Initializing Spring embedded WebApplicationContext
2025-06-20 15:20:58 [main] INFO  o.s.b.w.s.c.ServletWebServerApplicationContext - Root WebApplicationContext: initialization completed in 391 ms
2025-06-20 15:20:59 [main] INFO  o.s.v.beanvalidation.OptionalValidatorFactoryBean - Failed to set up a Bean Validation provider: jakarta.validation.NoProviderFoundException: Unable to create a Configuration, because no Jakarta Bean Validation provider could be found. Add a provider like Hibernate Validator (RI) to your classpath.
2025-06-20 15:20:59 [main] INFO  org.apache.coyote.http11.Http11NioProtocol - Starting ProtocolHandler ["http-nio-8080"]
2025-06-20 15:20:59 [main] INFO  o.s.boot.web.embedded.tomcat.TomcatWebServer - Tomcat started on port 8080 (http) with context path '/'
2025-06-20 15:20:59 [main] INFO  com.kezhang.tliasbackend.TliasBackendApplication - Started TliasBackendApplication in 0.952 seconds (process running for 1.203)
2025-06-20 15:22:03 [http-nio-8080-exec-1] INFO  o.a.c.core.ContainerBase.[Tomcat].[localhost].[/] - Initializing Spring DispatcherServlet 'dispatcherServlet'
2025-06-20 15:22:03 [http-nio-8080-exec-1] INFO  org.springframework.web.servlet.DispatcherServlet - Initializing Servlet 'dispatcherServlet'
2025-06-20 15:22:03 [http-nio-8080-exec-1] INFO  org.springframework.web.servlet.DispatcherServlet - Completed initialization in 0 ms
2025-06-20 15:22:03 [http-nio-8080-exec-1] INFO  c.k.tliasbackend.controller.EmployeeController - Fetching employees by condition started. DTO: EmployeeQueryParam(name=null, gender=null, startDate=null, endDate=null, page=2, pageSize=10)
2025-06-20 15:22:03 [http-nio-8080-exec-1] INFO  c.k.tliasbackend.service.impl.EmployeeServiceImpl - Fetching employees by condition started.
2025-06-20 15:22:03 [http-nio-8080-exec-1] INFO  com.zaxxer.hikari.HikariDataSource - HikariPool-1 - Starting...
2025-06-20 15:22:03 [http-nio-8080-exec-1] INFO  com.zaxxer.hikari.pool.HikariPool - HikariPool-1 - Added connection com.mysql.cj.jdbc.ConnectionImpl@1e677661
2025-06-20 15:22:03 [http-nio-8080-exec-1] INFO  com.zaxxer.hikari.HikariDataSource - HikariPool-1 - Start completed.
2025-06-20 15:22:03 [http-nio-8080-exec-1] INFO  c.k.tliasbackend.service.impl.EmployeeServiceImpl - Fetched 10 employeeDTOs from the database based on the given conditions, detail:Page{count=true, pageNum=2, pageSize=10, startRow=10, endRow=20, total=50, pages=5, reasonable=true, pageSizeZero=false}[EmployeeResponseDTO(name=James Taylor, gender=1, image=https://i.pravatar.cc/250?u=JamesTaylor, departmentName=Student Affairs, jobTitle=Student Counselor, entryDate=2019-04-15, updateTime=2025-06-17T17:38:44), EmployeeResponseDTO(name=Linda Rodriguez, gender=0, image=https://i.pravatar.cc/250?u=LindaRodriguez, departmentName=Student Affairs, jobTitle=HR Specialist, entryDate=2020-02-10, updateTime=2025-06-17T17:38:44), EmployeeResponseDTO(name=William White, gender=1, image=https://i.pravatar.cc/250?u=WilliamWhite, departmentName=Student Affairs, jobTitle=Administrative Coordinator, entryDate=2018-10-22, updateTime=2025-06-17T17:38:44), EmployeeResponseDTO(name=Elizabeth Harris, gender=0, image=https://i.pravatar.cc/250?u=ElizabethHarris, departmentName=Student Affairs, jobTitle=Student Counselor, entryDate=2021-05-17, updateTime=2025-06-17T17:38:44), EmployeeResponseDTO(name=Daniel Clark, gender=1, image=https://i.pravatar.cc/250?u=DanielClark, departmentName=Student Affairs, jobTitle=Teaching Assistant, entryDate=2017-11-08, updateTime=2025-06-17T17:38:44), EmployeeResponseDTO(name=Mary Lewis, gender=0, image=https://i.pravatar.cc/250?u=MaryLewis, departmentName=Library Services, jobTitle=Librarian, entryDate=2018-07-11, updateTime=2025-06-17T17:38:44), EmployeeResponseDTO(name=Richard Walker, gender=1, image=https://i.pravatar.cc/250?u=RichardWalker, departmentName=Library Services, jobTitle=Librarian, entryDate=2019-06-30, updateTime=2025-06-17T17:38:44), EmployeeResponseDTO(name=Susan Hall, gender=0, image=https://i.pravatar.cc/250?u=SusanHall, departmentName=Library Services, jobTitle=Administrative Coordinator, entryDate=2020-01-15, updateTime=2025-06-17T17:38:44), EmployeeResponseDTO(name=Charles Young, gender=1, image=https://i.pravatar.cc/250?u=CharlesYoung, departmentName=Library Services, jobTitle=Librarian, entryDate=2021-04-05, updateTime=2025-06-17T17:38:44), EmployeeResponseDTO(name=Karen Allen, gender=0, image=https://i.pravatar.cc/250?u=KarenAllen, departmentName=Library Services, jobTitle=Student Counselor, entryDate=2017-09-20, updateTime=2025-06-17T17:38:44)]
2025-06-20 15:22:03 [http-nio-8080-exec-1] INFO  c.k.tliasbackend.service.impl.EmployeeServiceImpl - Converting EmployeeResponseDTOs to PageInfo.
2025-06-20 15:22:03 [http-nio-8080-exec-1] INFO  c.k.tliasbackend.service.impl.EmployeeServiceImpl - Returning PageResult with total: 50 and records size: 10
2025-06-20 15:22:03 [http-nio-8080-exec-1] INFO  c.k.tliasbackend.controller.EmployeeController - Fetched employees by condition completed. Total records: 50, Records size: 10
2025-06-20 15:47:26 [SpringApplicationShutdownHook] INFO  o.s.boot.web.embedded.tomcat.GracefulShutdown - Commencing graceful shutdown. Waiting for active requests to complete
2025-06-20 15:47:28 [tomcat-shutdown] INFO  o.s.boot.web.embedded.tomcat.GracefulShutdown - Graceful shutdown complete
2025-06-20 15:47:28 [SpringApplicationShutdownHook] INFO  com.zaxxer.hikari.HikariDataSource - HikariPool-1 - Shutdown initiated...
2025-06-20 15:47:28 [SpringApplicationShutdownHook] INFO  com.zaxxer.hikari.HikariDataSource - HikariPool-1 - Shutdown completed.
2025-06-20 15:47:30 [main] INFO  com.kezhang.tliasbackend.TliasBackendApplication - Starting TliasBackendApplication using Java 21.0.7 with PID 93396 (/Users/zhangke/Documents/Projects/Tlias_SchoolManagementSystem/tlias-backend/target/classes started by zhangke in /Users/zhangke/Documents/Projects/Tlias_SchoolManagementSystem)
2025-06-20 15:47:30 [main] INFO  com.kezhang.tliasbackend.TliasBackendApplication - No active profile set, falling back to 1 default profile: "default"
2025-06-20 15:47:30 [main] INFO  o.s.boot.web.embedded.tomcat.TomcatWebServer - Tomcat initialized with port 8080 (http)
2025-06-20 15:47:30 [main] INFO  org.apache.coyote.http11.Http11NioProtocol - Initializing ProtocolHandler ["http-nio-8080"]
2025-06-20 15:47:30 [main] INFO  org.apache.catalina.core.StandardService - Starting service [Tomcat]
2025-06-20 15:47:30 [main] INFO  org.apache.catalina.core.StandardEngine - Starting Servlet engine: [Apache Tomcat/10.1.41]
2025-06-20 15:47:30 [main] INFO  o.a.c.core.ContainerBase.[Tomcat].[localhost].[/] - Initializing Spring embedded WebApplicationContext
2025-06-20 15:47:30 [main] INFO  o.s.b.w.s.c.ServletWebServerApplicationContext - Root WebApplicationContext: initialization completed in 369 ms
2025-06-20 15:47:30 [main] INFO  o.s.v.beanvalidation.OptionalValidatorFactoryBean - Failed to set up a Bean Validation provider: jakarta.validation.NoProviderFoundException: Unable to create a Configuration, because no Jakarta Bean Validation provider could be found. Add a provider like Hibernate Validator (RI) to your classpath.
2025-06-20 15:47:31 [main] INFO  org.apache.coyote.http11.Http11NioProtocol - Starting ProtocolHandler ["http-nio-8080"]
2025-06-20 15:47:31 [main] INFO  o.s.boot.web.embedded.tomcat.TomcatWebServer - Tomcat started on port 8080 (http) with context path '/'
2025-06-20 15:47:31 [main] INFO  com.kezhang.tliasbackend.TliasBackendApplication - Started TliasBackendApplication in 0.891 seconds (process running for 1.111)
2025-06-20 15:49:34 [http-nio-8080-exec-2] INFO  o.a.c.core.ContainerBase.[Tomcat].[localhost].[/] - Initializing Spring DispatcherServlet 'dispatcherServlet'
2025-06-20 15:49:34 [http-nio-8080-exec-2] INFO  org.springframework.web.servlet.DispatcherServlet - Initializing Servlet 'dispatcherServlet'
2025-06-20 15:49:34 [http-nio-8080-exec-2] INFO  org.springframework.web.servlet.DispatcherServlet - Completed initialization in 1 ms
2025-06-20 15:49:34 [http-nio-8080-exec-2] ERROR c.k.tliasbackend.controller.GlobalExceptionHandler - An unknown error occurred: Request method 'DELETE' is not supported
org.springframework.web.HttpRequestMethodNotSupportedException: Request method 'DELETE' is not supported
	at org.springframework.web.servlet.mvc.method.RequestMappingInfoHandlerMapping.handleNoMatch(RequestMappingInfoHandlerMapping.java:267)
	at org.springframework.web.servlet.handler.AbstractHandlerMethodMapping.lookupHandlerMethod(AbstractHandlerMethodMapping.java:441)
	at org.springframework.web.servlet.handler.AbstractHandlerMethodMapping.getHandlerInternal(AbstractHandlerMethodMapping.java:382)
	at org.springframework.web.servlet.mvc.method.RequestMappingInfoHandlerMapping.getHandlerInternal(RequestMappingInfoHandlerMapping.java:127)
	at org.springframework.web.servlet.mvc.method.RequestMappingInfoHandlerMapping.getHandlerInternal(RequestMappingInfoHandlerMapping.java:68)
	at org.springframework.web.servlet.handler.AbstractHandlerMapping.getHandler(AbstractHandlerMapping.java:509)
	at org.springframework.web.servlet.DispatcherServlet.getHandler(DispatcherServlet.java:1284)
	at org.springframework.web.servlet.DispatcherServlet.doDispatch(DispatcherServlet.java:1065)
	at org.springframework.web.servlet.DispatcherServlet.doService(DispatcherServlet.java:979)
	at org.springframework.web.servlet.FrameworkServlet.processRequest(FrameworkServlet.java:1014)
	at org.springframework.web.servlet.FrameworkServlet.doDelete(FrameworkServlet.java:936)
	at jakarta.servlet.http.HttpServlet.service(HttpServlet.java:596)
	at org.springframework.web.servlet.FrameworkServlet.service(FrameworkServlet.java:885)
	at jakarta.servlet.http.HttpServlet.service(HttpServlet.java:658)
	at org.apache.catalina.core.ApplicationFilterChain.internalDoFilter(ApplicationFilterChain.java:195)
	at org.apache.catalina.core.ApplicationFilterChain.doFilter(ApplicationFilterChain.java:140)
	at org.apache.tomcat.websocket.server.WsFilter.doFilter(WsFilter.java:51)
	at org.apache.catalina.core.ApplicationFilterChain.internalDoFilter(ApplicationFilterChain.java:164)
	at org.apache.catalina.core.ApplicationFilterChain.doFilter(ApplicationFilterChain.java:140)
	at org.springframework.web.filter.RequestContextFilter.doFilterInternal(RequestContextFilter.java:100)
	at org.springframework.web.filter.OncePerRequestFilter.doFilter(OncePerRequestFilter.java:116)
	at org.apache.catalina.core.ApplicationFilterChain.internalDoFilter(ApplicationFilterChain.java:164)
	at org.apache.catalina.core.ApplicationFilterChain.doFilter(ApplicationFilterChain.java:140)
	at org.springframework.web.filter.FormContentFilter.doFilterInternal(FormContentFilter.java:93)
	at org.springframework.web.filter.OncePerRequestFilter.doFilter(OncePerRequestFilter.java:116)
	at org.apache.catalina.core.ApplicationFilterChain.internalDoFilter(ApplicationFilterChain.java:164)
	at org.apache.catalina.core.ApplicationFilterChain.doFilter(ApplicationFilterChain.java:140)
	at org.springframework.web.filter.CharacterEncodingFilter.doFilterInternal(CharacterEncodingFilter.java:201)
	at org.springframework.web.filter.OncePerRequestFilter.doFilter(OncePerRequestFilter.java:116)
	at org.apache.catalina.core.ApplicationFilterChain.internalDoFilter(ApplicationFilterChain.java:164)
	at org.apache.catalina.core.ApplicationFilterChain.doFilter(ApplicationFilterChain.java:140)
	at org.apache.catalina.core.StandardWrapperValve.invoke(StandardWrapperValve.java:167)
	at org.apache.catalina.core.StandardContextValve.invoke(StandardContextValve.java:90)
	at org.apache.catalina.authenticator.AuthenticatorBase.invoke(AuthenticatorBase.java:483)
	at org.apache.catalina.core.StandardHostValve.invoke(StandardHostValve.java:116)
	at org.apache.catalina.valves.ErrorReportValve.invoke(ErrorReportValve.java:93)
	at org.apache.catalina.core.StandardEngineValve.invoke(StandardEngineValve.java:74)
	at org.apache.catalina.connector.CoyoteAdapter.service(CoyoteAdapter.java:344)
	at org.apache.coyote.http11.Http11Processor.service(Http11Processor.java:398)
	at org.apache.coyote.AbstractProcessorLight.process(AbstractProcessorLight.java:63)
	at org.apache.coyote.AbstractProtocol$ConnectionHandler.process(AbstractProtocol.java:903)
	at org.apache.tomcat.util.net.NioEndpoint$SocketProcessor.doRun(NioEndpoint.java:1740)
	at org.apache.tomcat.util.net.SocketProcessorBase.run(SocketProcessorBase.java:52)
	at org.apache.tomcat.util.threads.ThreadPoolExecutor.runWorker(ThreadPoolExecutor.java:1189)
	at org.apache.tomcat.util.threads.ThreadPoolExecutor$Worker.run(ThreadPoolExecutor.java:658)
	at org.apache.tomcat.util.threads.TaskThread$WrappingRunnable.run(TaskThread.java:63)
	at java.base/java.lang.Thread.run(Thread.java:1583)
2025-06-20 15:50:28 [http-nio-8080-exec-3] INFO  c.k.tliasbackend.controller.EmployeeController - Deleting employee started. IDs: [57]
2025-06-20 15:50:28 [http-nio-8080-exec-3] INFO  com.zaxxer.hikari.HikariDataSource - HikariPool-1 - Starting...
2025-06-20 15:50:28 [http-nio-8080-exec-3] INFO  com.zaxxer.hikari.pool.HikariPool - HikariPool-1 - Added connection com.mysql.cj.jdbc.ConnectionImpl@3fb87c59
2025-06-20 15:50:28 [http-nio-8080-exec-3] INFO  com.zaxxer.hikari.HikariDataSource - HikariPool-1 - Start completed.
2025-06-20 15:50:28 [http-nio-8080-exec-3] INFO  c.k.tliasbackend.service.impl.EmployeeServiceImpl - Deleting employee started. IDs: [57], Image URLs: [https://i.pravatar.cc/250?u=KeZhang]
2025-06-20 15:50:28 [http-nio-8080-exec-3] ERROR com.kezhang.tliasbackend.utils.AliyunOssUtil - File path does not start with the expected prefix: https://tlias-school-management-system.oss-us-west-1.aliyuncs.com/
2025-06-20 15:50:28 [http-nio-8080-exec-3] INFO  com.kezhang.tliasbackend.utils.AliyunOssUtil - Initializing OSSClient with endpoint: oss-us-west-1.aliyuncs.com, region: us-west-1
2025-06-20 15:50:28 [http-nio-8080-exec-3] INFO  com.kezhang.tliasbackend.utils.AliyunOssUtil - OSSClient initialized successfully, ossClient: com.aliyun.oss.OSSClient@6ef136d1
2025-06-20 15:50:28 [http-nio-8080-exec-3] ERROR c.k.tliasbackend.controller.GlobalExceptionHandler - An unknown error occurred: The parameter "key" is null.
java.lang.NullPointerException: The parameter "key" is null.
	at com.aliyun.oss.common.utils.CodingUtils.assertParameterNotNull(CodingUtils.java:35)
	at com.aliyun.oss.internal.OSSObjectOperation.deleteObject(OSSObjectOperation.java:493)
	at com.aliyun.oss.OSSClient.deleteObject(OSSClient.java:761)
	at com.aliyun.oss.OSSClient.deleteObject(OSSClient.java:756)
	at com.kezhang.tliasbackend.utils.AliyunOssUtil.deleteFile(AliyunOssUtil.java:135)
	at com.kezhang.tliasbackend.service.impl.EmployeeServiceImpl.deleteEmployee(EmployeeServiceImpl.java:206)
	at java.base/jdk.internal.reflect.DirectMethodHandleAccessor.invoke(DirectMethodHandleAccessor.java:103)
	at java.base/java.lang.reflect.Method.invoke(Method.java:580)
	at org.springframework.aop.support.AopUtils.invokeJoinpointUsingReflection(AopUtils.java:359)
	at org.springframework.aop.framework.ReflectiveMethodInvocation.invokeJoinpoint(ReflectiveMethodInvocation.java:196)
	at org.springframework.aop.framework.ReflectiveMethodInvocation.proceed(ReflectiveMethodInvocation.java:163)
	at org.springframework.transaction.interceptor.TransactionAspectSupport.invokeWithinTransaction(TransactionAspectSupport.java:380)
	at org.springframework.transaction.interceptor.TransactionInterceptor.invoke(TransactionInterceptor.java:119)
	at org.springframework.aop.framework.ReflectiveMethodInvocation.proceed(ReflectiveMethodInvocation.java:184)
	at org.springframework.aop.framework.CglibAopProxy$DynamicAdvisedInterceptor.intercept(CglibAopProxy.java:728)
	at com.kezhang.tliasbackend.service.impl.EmployeeServiceImpl$$SpringCGLIB$$0.deleteEmployee(<generated>)
	at com.kezhang.tliasbackend.controller.EmployeeController.deleteEmployee(EmployeeController.java:106)
	at java.base/jdk.internal.reflect.DirectMethodHandleAccessor.invoke(DirectMethodHandleAccessor.java:103)
	at java.base/java.lang.reflect.Method.invoke(Method.java:580)
	at org.springframework.web.method.support.InvocableHandlerMethod.doInvoke(InvocableHandlerMethod.java:258)
	at org.springframework.web.method.support.InvocableHandlerMethod.invokeForRequest(InvocableHandlerMethod.java:191)
	at org.springframework.web.servlet.mvc.method.annotation.ServletInvocableHandlerMethod.invokeAndHandle(ServletInvocableHandlerMethod.java:118)
	at org.springframework.web.servlet.mvc.method.annotation.RequestMappingHandlerAdapter.invokeHandlerMethod(RequestMappingHandlerAdapter.java:986)
	at org.springframework.web.servlet.mvc.method.annotation.RequestMappingHandlerAdapter.handleInternal(RequestMappingHandlerAdapter.java:891)
	at org.springframework.web.servlet.mvc.method.AbstractHandlerMethodAdapter.handle(AbstractHandlerMethodAdapter.java:87)
	at org.springframework.web.servlet.DispatcherServlet.doDispatch(DispatcherServlet.java:1089)
	at org.springframework.web.servlet.DispatcherServlet.doService(DispatcherServlet.java:979)
	at org.springframework.web.servlet.FrameworkServlet.processRequest(FrameworkServlet.java:1014)
	at org.springframework.web.servlet.FrameworkServlet.doDelete(FrameworkServlet.java:936)
	at jakarta.servlet.http.HttpServlet.service(HttpServlet.java:596)
	at org.springframework.web.servlet.FrameworkServlet.service(FrameworkServlet.java:885)
	at jakarta.servlet.http.HttpServlet.service(HttpServlet.java:658)
	at org.apache.catalina.core.ApplicationFilterChain.internalDoFilter(ApplicationFilterChain.java:195)
	at org.apache.catalina.core.ApplicationFilterChain.doFilter(ApplicationFilterChain.java:140)
	at org.apache.tomcat.websocket.server.WsFilter.doFilter(WsFilter.java:51)
	at org.apache.catalina.core.ApplicationFilterChain.internalDoFilter(ApplicationFilterChain.java:164)
	at org.apache.catalina.core.ApplicationFilterChain.doFilter(ApplicationFilterChain.java:140)
	at org.springframework.web.filter.RequestContextFilter.doFilterInternal(RequestContextFilter.java:100)
	at org.springframework.web.filter.OncePerRequestFilter.doFilter(OncePerRequestFilter.java:116)
	at org.apache.catalina.core.ApplicationFilterChain.internalDoFilter(ApplicationFilterChain.java:164)
	at org.apache.catalina.core.ApplicationFilterChain.doFilter(ApplicationFilterChain.java:140)
	at org.springframework.web.filter.FormContentFilter.doFilterInternal(FormContentFilter.java:93)
	at org.springframework.web.filter.OncePerRequestFilter.doFilter(OncePerRequestFilter.java:116)
	at org.apache.catalina.core.ApplicationFilterChain.internalDoFilter(ApplicationFilterChain.java:164)
	at org.apache.catalina.core.ApplicationFilterChain.doFilter(ApplicationFilterChain.java:140)
	at org.springframework.web.filter.CharacterEncodingFilter.doFilterInternal(CharacterEncodingFilter.java:201)
	at org.springframework.web.filter.OncePerRequestFilter.doFilter(OncePerRequestFilter.java:116)
	at org.apache.catalina.core.ApplicationFilterChain.internalDoFilter(ApplicationFilterChain.java:164)
	at org.apache.catalina.core.ApplicationFilterChain.doFilter(ApplicationFilterChain.java:140)
	at org.apache.catalina.core.StandardWrapperValve.invoke(StandardWrapperValve.java:167)
	at org.apache.catalina.core.StandardContextValve.invoke(StandardContextValve.java:90)
	at org.apache.catalina.authenticator.AuthenticatorBase.invoke(AuthenticatorBase.java:483)
	at org.apache.catalina.core.StandardHostValve.invoke(StandardHostValve.java:116)
	at org.apache.catalina.valves.ErrorReportValve.invoke(ErrorReportValve.java:93)
	at org.apache.catalina.core.StandardEngineValve.invoke(StandardEngineValve.java:74)
	at org.apache.catalina.connector.CoyoteAdapter.service(CoyoteAdapter.java:344)
	at org.apache.coyote.http11.Http11Processor.service(Http11Processor.java:398)
	at org.apache.coyote.AbstractProcessorLight.process(AbstractProcessorLight.java:63)
	at org.apache.coyote.AbstractProtocol$ConnectionHandler.process(AbstractProtocol.java:903)
	at org.apache.tomcat.util.net.NioEndpoint$SocketProcessor.doRun(NioEndpoint.java:1740)
	at org.apache.tomcat.util.net.SocketProcessorBase.run(SocketProcessorBase.java:52)
	at org.apache.tomcat.util.threads.ThreadPoolExecutor.runWorker(ThreadPoolExecutor.java:1189)
	at org.apache.tomcat.util.threads.ThreadPoolExecutor$Worker.run(ThreadPoolExecutor.java:658)
	at org.apache.tomcat.util.threads.TaskThread$WrappingRunnable.run(TaskThread.java:63)
	at java.base/java.lang.Thread.run(Thread.java:1583)
2025-06-20 15:52:29 [SpringApplicationShutdownHook] INFO  o.s.boot.web.embedded.tomcat.GracefulShutdown - Commencing graceful shutdown. Waiting for active requests to complete
2025-06-20 15:52:31 [tomcat-shutdown] INFO  o.s.boot.web.embedded.tomcat.GracefulShutdown - Graceful shutdown complete
2025-06-20 15:52:31 [SpringApplicationShutdownHook] INFO  com.zaxxer.hikari.HikariDataSource - HikariPool-1 - Shutdown initiated...
2025-06-20 15:52:31 [SpringApplicationShutdownHook] INFO  com.zaxxer.hikari.HikariDataSource - HikariPool-1 - Shutdown completed.
2025-06-20 15:52:32 [main] INFO  com.kezhang.tliasbackend.TliasBackendApplication - Starting TliasBackendApplication using Java 21.0.7 with PID 93433 (/Users/zhangke/Documents/Projects/Tlias_SchoolManagementSystem/tlias-backend/target/classes started by zhangke in /Users/zhangke/Documents/Projects/Tlias_SchoolManagementSystem)
2025-06-20 15:52:32 [main] INFO  com.kezhang.tliasbackend.TliasBackendApplication - No active profile set, falling back to 1 default profile: "default"
2025-06-20 15:52:33 [main] INFO  o.s.boot.web.embedded.tomcat.TomcatWebServer - Tomcat initialized with port 8080 (http)
2025-06-20 15:52:33 [main] INFO  org.apache.coyote.http11.Http11NioProtocol - Initializing ProtocolHandler ["http-nio-8080"]
2025-06-20 15:52:33 [main] INFO  org.apache.catalina.core.StandardService - Starting service [Tomcat]
2025-06-20 15:52:33 [main] INFO  org.apache.catalina.core.StandardEngine - Starting Servlet engine: [Apache Tomcat/10.1.41]
2025-06-20 15:52:33 [main] INFO  o.a.c.core.ContainerBase.[Tomcat].[localhost].[/] - Initializing Spring embedded WebApplicationContext
2025-06-20 15:52:33 [main] INFO  o.s.b.w.s.c.ServletWebServerApplicationContext - Root WebApplicationContext: initialization completed in 377 ms
2025-06-20 15:52:33 [main] INFO  o.s.v.beanvalidation.OptionalValidatorFactoryBean - Failed to set up a Bean Validation provider: jakarta.validation.NoProviderFoundException: Unable to create a Configuration, because no Jakarta Bean Validation provider could be found. Add a provider like Hibernate Validator (RI) to your classpath.
2025-06-20 15:52:33 [main] INFO  org.apache.coyote.http11.Http11NioProtocol - Starting ProtocolHandler ["http-nio-8080"]
2025-06-20 15:52:33 [main] INFO  o.s.boot.web.embedded.tomcat.TomcatWebServer - Tomcat started on port 8080 (http) with context path '/'
2025-06-20 15:52:33 [main] INFO  com.kezhang.tliasbackend.TliasBackendApplication - Started TliasBackendApplication in 0.901 seconds (process running for 1.121)
2025-06-20 15:52:43 [http-nio-8080-exec-2] INFO  o.a.c.core.ContainerBase.[Tomcat].[localhost].[/] - Initializing Spring DispatcherServlet 'dispatcherServlet'
2025-06-20 15:52:43 [http-nio-8080-exec-2] INFO  org.springframework.web.servlet.DispatcherServlet - Initializing Servlet 'dispatcherServlet'
2025-06-20 15:52:43 [http-nio-8080-exec-2] INFO  org.springframework.web.servlet.DispatcherServlet - Completed initialization in 1 ms
2025-06-20 15:52:43 [http-nio-8080-exec-2] INFO  c.k.tliasbackend.controller.EmployeeController - Deleting employee started. IDs: [57]
2025-06-20 15:52:43 [http-nio-8080-exec-2] INFO  com.zaxxer.hikari.HikariDataSource - HikariPool-1 - Starting...
2025-06-20 15:52:43 [http-nio-8080-exec-2] INFO  com.zaxxer.hikari.pool.HikariPool - HikariPool-1 - Added connection com.mysql.cj.jdbc.ConnectionImpl@2266aa8b
2025-06-20 15:52:43 [http-nio-8080-exec-2] INFO  com.zaxxer.hikari.HikariDataSource - HikariPool-1 - Start completed.
2025-06-20 15:52:43 [http-nio-8080-exec-2] INFO  c.k.tliasbackend.service.impl.EmployeeServiceImpl - Deleting employee started. IDs: [57], Image URLs: [https://i.pravatar.cc/250?u=KeZhang]
2025-06-20 15:52:43 [http-nio-8080-exec-2] INFO  com.kezhang.tliasbackend.utils.AliyunOssUtil - File path does not start with the expected prefix: https://tlias-school-management-system.oss-us-west-1.aliyuncs.com/
2025-06-20 15:52:43 [http-nio-8080-exec-2] INFO  c.k.tliasbackend.service.impl.EmployeeServiceImpl - Deleted OSS image file: https://i.pravatar.cc/250?u=KeZhang
2025-06-20 15:52:43 [http-nio-8080-exec-2] INFO  c.k.tliasbackend.service.impl.EmployeeServiceImpl - Deleting employee information started. IDs: [57]
2025-06-20 15:52:43 [http-nio-8080-exec-2] INFO  c.k.tliasbackend.service.impl.EmployeeServiceImpl - Deleted employee information successfully. IDs: [57]
2025-06-20 15:52:43 [http-nio-8080-exec-2] INFO  c.k.tliasbackend.service.impl.EmployeeServiceImpl - Deleting employee history information started. IDs: [57]
2025-06-20 15:52:43 [http-nio-8080-exec-2] INFO  c.k.tliasbackend.service.impl.EmployeeServiceImpl - Deleted employee history information successfully. IDs: [57]
2025-06-20 15:52:43 [http-nio-8080-exec-2] INFO  c.k.tliasbackend.controller.EmployeeController - Deleting employee completed.
2025-06-20 15:55:12 [http-nio-8080-exec-5] INFO  c.k.tliasbackend.controller.EmployeeController - Inserting new employee started. DTO: EmployeeInsertDTO(username=KeZhang, name=Ke Zhang, gender=1, phone=1234567890, jobTitle=IT Specialist, departmentName=IT Support, salary=68000.00, image=https://i.pravatar.cc/250?u=KeZhang, entryDate=2024-06-01, employeeHistoryInsertDTOList=[EmployeeHistoryInsertDTO(startDate=2020-01-01, endDate=2021-12-31, jobTitle=Senior SDE, companyName=Alibaba), EmployeeHistoryInsertDTO(startDate=2022-01-01, endDate=2023-12-31, jobTitle=Full stack Developer, companyName=Byte Dance)])
2025-06-20 15:55:12 [http-nio-8080-exec-5] INFO  c.k.tliasbackend.service.impl.EmployeeServiceImpl - Inserting new employee started. Department ID: 5, Job ID: 6
2025-06-20 15:55:12 [http-nio-8080-exec-5] INFO  c.k.tliasbackend.service.impl.EmployeeServiceImpl - Converting new employee started. DTO: EmployeeInsertDTO(username=KeZhang, name=Ke Zhang, gender=1, phone=1234567890, jobTitle=IT Specialist, departmentName=IT Support, salary=68000.00, image=https://i.pravatar.cc/250?u=KeZhang, entryDate=2024-06-01, employeeHistoryInsertDTOList=[EmployeeHistoryInsertDTO(startDate=2020-01-01, endDate=2021-12-31, jobTitle=Senior SDE, companyName=Alibaba), EmployeeHistoryInsertDTO(startDate=2022-01-01, endDate=2023-12-31, jobTitle=Full stack Developer, companyName=Byte Dance)])
2025-06-20 15:55:12 [http-nio-8080-exec-5] INFO  c.k.tliasbackend.service.impl.EmployeeServiceImpl - Converted new employee to entity: Employee(id=null, username=KeZhang, password=null, name=Ke Zhang, gender=1, phone=1234567890, jobTitle=6, departmentId=5, salary=68000.00, image=https://i.pravatar.cc/250?u=KeZhang, entryDate=2024-06-01, createTime=null, updateTime=null)
2025-06-20 15:55:12 [http-nio-8080-exec-5] INFO  c.k.tliasbackend.service.impl.EmployeeServiceImpl - Inserting new employee into the database started.
2025-06-20 15:55:12 [http-nio-8080-exec-5] INFO  c.k.tliasbackend.service.impl.EmployeeServiceImpl - Inserted new employee into the database successfully. Employee ID: 58
2025-06-20 15:55:12 [http-nio-8080-exec-5] INFO  c.k.tliasbackend.service.impl.EmployeeServiceImpl - Converting employeeHistoryInsertDTOList to EmployeeHistory, and set employeeId started.
2025-06-20 15:55:12 [http-nio-8080-exec-5] INFO  c.k.tliasbackend.service.impl.EmployeeServiceImpl - Converted employeeHistoryInsertDTOList to EmployeeHistory, and set employeeId successfully. EmployeeHistoryList: [EmployeeHistory(id=null, startDate=2020-01-01, endDate=2021-12-31, jobTitle=Senior SDE, companyName=Alibaba, employeeId=58), EmployeeHistory(id=null, startDate=2022-01-01, endDate=2023-12-31, jobTitle=Full stack Developer, companyName=Byte Dance, employeeId=58)]
2025-06-20 15:55:12 [http-nio-8080-exec-5] INFO  c.k.tliasbackend.service.impl.EmployeeServiceImpl - Inserting employeeHistoryList into the database started.
2025-06-20 15:55:12 [http-nio-8080-exec-5] INFO  c.k.tliasbackend.service.impl.EmployeeServiceImpl - Inserted employeeHistoryList into the database successfully. Size: 2
2025-06-20 15:55:12 [http-nio-8080-exec-5] INFO  c.k.tliasbackend.controller.EmployeeController - Inserting new employee completed.
2025-06-20 16:15:19 [SpringApplicationShutdownHook] INFO  o.s.boot.web.embedded.tomcat.GracefulShutdown - Commencing graceful shutdown. Waiting for active requests to complete
2025-06-20 16:15:21 [tomcat-shutdown] INFO  o.s.boot.web.embedded.tomcat.GracefulShutdown - Graceful shutdown complete
2025-06-20 16:15:21 [SpringApplicationShutdownHook] INFO  com.zaxxer.hikari.HikariDataSource - HikariPool-1 - Shutdown initiated...
2025-06-20 16:15:21 [SpringApplicationShutdownHook] INFO  com.zaxxer.hikari.HikariDataSource - HikariPool-1 - Shutdown completed.
2025-06-20 16:15:23 [main] INFO  com.kezhang.tliasbackend.TliasBackendApplication - Starting TliasBackendApplication using Java 21.0.7 with PID 94474 (/Users/zhangke/Documents/Projects/Tlias_SchoolManagementSystem/tlias-backend/target/classes started by zhangke in /Users/zhangke/Documents/Projects/Tlias_SchoolManagementSystem)
2025-06-20 16:15:23 [main] INFO  com.kezhang.tliasbackend.TliasBackendApplication - No active profile set, falling back to 1 default profile: "default"
2025-06-20 16:15:23 [main] INFO  o.s.boot.web.embedded.tomcat.TomcatWebServer - Tomcat initialized with port 8080 (http)
2025-06-20 16:15:23 [main] INFO  org.apache.coyote.http11.Http11NioProtocol - Initializing ProtocolHandler ["http-nio-8080"]
2025-06-20 16:15:23 [main] INFO  org.apache.catalina.core.StandardService - Starting service [Tomcat]
2025-06-20 16:15:23 [main] INFO  org.apache.catalina.core.StandardEngine - Starting Servlet engine: [Apache Tomcat/10.1.41]
2025-06-20 16:15:23 [main] INFO  o.a.c.core.ContainerBase.[Tomcat].[localhost].[/] - Initializing Spring embedded WebApplicationContext
2025-06-20 16:15:23 [main] INFO  o.s.b.w.s.c.ServletWebServerApplicationContext - Root WebApplicationContext: initialization completed in 385 ms
2025-06-20 16:15:23 [main] INFO  o.s.v.beanvalidation.OptionalValidatorFactoryBean - Failed to set up a Bean Validation provider: jakarta.validation.NoProviderFoundException: Unable to create a Configuration, because no Jakarta Bean Validation provider could be found. Add a provider like Hibernate Validator (RI) to your classpath.
2025-06-20 16:15:23 [main] INFO  org.apache.coyote.http11.Http11NioProtocol - Starting ProtocolHandler ["http-nio-8080"]
2025-06-20 16:15:23 [main] INFO  o.s.boot.web.embedded.tomcat.TomcatWebServer - Tomcat started on port 8080 (http) with context path '/'
2025-06-20 16:15:23 [main] INFO  com.kezhang.tliasbackend.TliasBackendApplication - Started TliasBackendApplication in 0.876 seconds (process running for 1.079)
2025-06-20 16:15:47 [http-nio-8080-exec-2] INFO  o.a.c.core.ContainerBase.[Tomcat].[localhost].[/] - Initializing Spring DispatcherServlet 'dispatcherServlet'
2025-06-20 16:15:47 [http-nio-8080-exec-2] INFO  org.springframework.web.servlet.DispatcherServlet - Initializing Servlet 'dispatcherServlet'
2025-06-20 16:15:47 [http-nio-8080-exec-2] INFO  org.springframework.web.servlet.DispatcherServlet - Completed initialization in 3 ms
2025-06-20 16:15:47 [http-nio-8080-exec-2] INFO  c.k.tliasbackend.controller.EmployeeController - Fetching employee by ID: 58
2025-06-20 16:15:47 [http-nio-8080-exec-2] INFO  c.k.tliasbackend.service.impl.EmployeeServiceImpl - Fetching employee by ID: 58
2025-06-20 16:15:47 [http-nio-8080-exec-2] INFO  com.zaxxer.hikari.HikariDataSource - HikariPool-1 - Starting...
2025-06-20 16:15:47 [http-nio-8080-exec-2] INFO  com.zaxxer.hikari.pool.HikariPool - HikariPool-1 - Added connection com.mysql.cj.jdbc.ConnectionImpl@4b5ed5da
2025-06-20 16:15:47 [http-nio-8080-exec-2] INFO  com.zaxxer.hikari.HikariDataSource - HikariPool-1 - Start completed.
2025-06-20 16:15:48 [http-nio-8080-exec-2] INFO  c.k.tliasbackend.service.impl.EmployeeServiceImpl - Fetched employee by ID: 58, EmployeeUpdateCallbackDTO: EmployeeUpdateCallbackDTO(id=null, username=KeZhang, name=Ke Zhang, gender=1, phone=1234567890, jobTitle=IT Specialist, departmentName=IT Support, salary=68000.00, entryDate=2024-06-01, image=https://i.pravatar.cc/250?u=KeZhang, employeeHistoryUpdateCallbackDTOList=[EmployeeHistoryUpdateCallbackDTO(startDate=2020-01-01, endDate=2021-12-31, jobTitle=Senior SDE, companyName=Alibaba, employeeId=58), EmployeeHistoryUpdateCallbackDTO(startDate=2022-01-01, endDate=2023-12-31, jobTitle=Full stack Developer, companyName=Byte Dance, employeeId=58)])
2025-06-20 16:15:48 [http-nio-8080-exec-2] INFO  c.k.tliasbackend.controller.EmployeeController - Fetched employee by ID completed. Employee details: EmployeeUpdateCallbackDTO(id=null, username=KeZhang, name=Ke Zhang, gender=1, phone=1234567890, jobTitle=IT Specialist, departmentName=IT Support, salary=68000.00, entryDate=2024-06-01, image=https://i.pravatar.cc/250?u=KeZhang, employeeHistoryUpdateCallbackDTOList=[EmployeeHistoryUpdateCallbackDTO(startDate=2020-01-01, endDate=2021-12-31, jobTitle=Senior SDE, companyName=Alibaba, employeeId=58), EmployeeHistoryUpdateCallbackDTO(startDate=2022-01-01, endDate=2023-12-31, jobTitle=Full stack Developer, companyName=Byte Dance, employeeId=58)])
2025-06-20 16:22:27 [SpringApplicationShutdownHook] INFO  o.s.boot.web.embedded.tomcat.GracefulShutdown - Commencing graceful shutdown. Waiting for active requests to complete
2025-06-20 16:22:29 [tomcat-shutdown] INFO  o.s.boot.web.embedded.tomcat.GracefulShutdown - Graceful shutdown complete
2025-06-20 16:22:29 [SpringApplicationShutdownHook] INFO  com.zaxxer.hikari.HikariDataSource - HikariPool-1 - Shutdown initiated...
2025-06-20 16:22:29 [SpringApplicationShutdownHook] INFO  com.zaxxer.hikari.HikariDataSource - HikariPool-1 - Shutdown completed.
2025-06-20 16:22:30 [main] INFO  com.kezhang.tliasbackend.TliasBackendApplication - Starting TliasBackendApplication using Java 21.0.7 with PID 94645 (/Users/zhangke/Documents/Projects/Tlias_SchoolManagementSystem/tlias-backend/target/classes started by zhangke in /Users/zhangke/Documents/Projects/Tlias_SchoolManagementSystem)
2025-06-20 16:22:30 [main] INFO  com.kezhang.tliasbackend.TliasBackendApplication - No active profile set, falling back to 1 default profile: "default"
2025-06-20 16:22:31 [main] INFO  o.s.boot.web.embedded.tomcat.TomcatWebServer - Tomcat initialized with port 8080 (http)
2025-06-20 16:22:31 [main] INFO  org.apache.coyote.http11.Http11NioProtocol - Initializing ProtocolHandler ["http-nio-8080"]
2025-06-20 16:22:31 [main] INFO  org.apache.catalina.core.StandardService - Starting service [Tomcat]
2025-06-20 16:22:31 [main] INFO  org.apache.catalina.core.StandardEngine - Starting Servlet engine: [Apache Tomcat/10.1.41]
2025-06-20 16:22:31 [main] INFO  o.a.c.core.ContainerBase.[Tomcat].[localhost].[/] - Initializing Spring embedded WebApplicationContext
2025-06-20 16:22:31 [main] INFO  o.s.b.w.s.c.ServletWebServerApplicationContext - Root WebApplicationContext: initialization completed in 347 ms
2025-06-20 16:22:31 [main] INFO  o.s.v.beanvalidation.OptionalValidatorFactoryBean - Failed to set up a Bean Validation provider: jakarta.validation.NoProviderFoundException: Unable to create a Configuration, because no Jakarta Bean Validation provider could be found. Add a provider like Hibernate Validator (RI) to your classpath.
2025-06-20 16:22:31 [main] INFO  org.apache.coyote.http11.Http11NioProtocol - Starting ProtocolHandler ["http-nio-8080"]
2025-06-20 16:22:31 [main] INFO  o.s.boot.web.embedded.tomcat.TomcatWebServer - Tomcat started on port 8080 (http) with context path '/'
2025-06-20 16:22:31 [main] INFO  com.kezhang.tliasbackend.TliasBackendApplication - Started TliasBackendApplication in 0.833 seconds (process running for 1.038)
2025-06-20 16:22:37 [http-nio-8080-exec-2] INFO  o.a.c.core.ContainerBase.[Tomcat].[localhost].[/] - Initializing Spring DispatcherServlet 'dispatcherServlet'
2025-06-20 16:22:37 [http-nio-8080-exec-2] INFO  org.springframework.web.servlet.DispatcherServlet - Initializing Servlet 'dispatcherServlet'
2025-06-20 16:22:37 [http-nio-8080-exec-2] INFO  org.springframework.web.servlet.DispatcherServlet - Completed initialization in 1 ms
2025-06-20 16:22:37 [http-nio-8080-exec-2] INFO  c.k.tliasbackend.controller.EmployeeController - Updating employee started. DTO: EmployeeUpdateCallbackDTO(id=58, username=, name=, gender=null, phone=, jobTitle=, departmentName=, salary=120000.00, entryDate=null, image=, employeeHistoryUpdateCallbackDTOList=[EmployeeHistoryUpdateCallbackDTO(startDate=2021-07-01, endDate=2022-06-01, jobTitle=junior SDE, companyName=Alibaba, employeeId=58), EmployeeHistoryUpdateCallbackDTO(startDate=2022-09-01, endDate=2024-10-28, jobTitle=junior SDE, companyName=Alibaba, employeeId=58), EmployeeHistoryUpdateCallbackDTO(startDate=2024-11-01, endDate=2024-12-30, jobTitle=Senior SDE, companyName=Meta, employeeId=58)])
2025-06-20 16:22:37 [http-nio-8080-exec-2] INFO  com.zaxxer.hikari.HikariDataSource - HikariPool-1 - Starting...
2025-06-20 16:22:37 [http-nio-8080-exec-2] INFO  com.zaxxer.hikari.pool.HikariPool - HikariPool-1 - Added connection com.mysql.cj.jdbc.ConnectionImpl@2d0ab778
2025-06-20 16:22:37 [http-nio-8080-exec-2] INFO  com.zaxxer.hikari.HikariDataSource - HikariPool-1 - Start completed.
2025-06-20 16:22:37 [http-nio-8080-exec-2] INFO  c.k.tliasbackend.service.impl.EmployeeServiceImpl - Updating employee started. DTO: EmployeeUpdateCallbackDTO(id=58, username=, name=, gender=null, phone=, jobTitle=, departmentName=, salary=120000.00, entryDate=null, image=, employeeHistoryUpdateCallbackDTOList=[EmployeeHistoryUpdateCallbackDTO(startDate=2021-07-01, endDate=2022-06-01, jobTitle=junior SDE, companyName=Alibaba, employeeId=58), EmployeeHistoryUpdateCallbackDTO(startDate=2022-09-01, endDate=2024-10-28, jobTitle=junior SDE, companyName=Alibaba, employeeId=58), EmployeeHistoryUpdateCallbackDTO(startDate=2024-11-01, endDate=2024-12-30, jobTitle=Senior SDE, companyName=Meta, employeeId=58)])
2025-06-20 16:22:37 [http-nio-8080-exec-2] INFO  c.k.tliasbackend.service.impl.EmployeeServiceImpl - Converted employeeUpdateCallbackDTO to Employee entity: Employee(id=58, username=, password=null, name=, gender=null, phone=, jobTitle=null, departmentId=null, salary=120000.00, image=, entryDate=null, createTime=null, updateTime=null)
2025-06-20 16:22:37 [http-nio-8080-exec-2] INFO  c.k.tliasbackend.service.impl.EmployeeServiceImpl - Updated employee information successfully. Employee ID: 58
2025-06-20 16:22:37 [http-nio-8080-exec-2] INFO  c.k.tliasbackend.service.impl.EmployeeServiceImpl - Deleting old employee history information started. Employee ID: 58
2025-06-20 16:22:37 [http-nio-8080-exec-2] INFO  c.k.tliasbackend.service.impl.EmployeeServiceImpl - Deleted old employee history information successfully. Employee ID: 58
2025-06-20 16:22:37 [http-nio-8080-exec-2] INFO  c.k.tliasbackend.service.impl.EmployeeServiceImpl - Converted employeeHistoryUpdateCallbackDTOList to EmployeeHistory entity list: [EmployeeHistory(id=null, startDate=2021-07-01, endDate=2022-06-01, jobTitle=junior SDE, companyName=Alibaba, employeeId=58), EmployeeHistory(id=null, startDate=2022-09-01, endDate=2024-10-28, jobTitle=junior SDE, companyName=Alibaba, employeeId=58), EmployeeHistory(id=null, startDate=2024-11-01, endDate=2024-12-30, jobTitle=Senior SDE, companyName=Meta, employeeId=58)]
2025-06-20 16:22:37 [http-nio-8080-exec-2] INFO  c.k.tliasbackend.service.impl.EmployeeServiceImpl - Inserted new employee history information successfully. Employee ID: 58, History Size: 3
2025-06-20 16:22:37 [http-nio-8080-exec-2] INFO  c.k.tliasbackend.controller.EmployeeController - Updating employee completed.
2025-06-20 16:32:51 [SpringApplicationShutdownHook] INFO  o.s.boot.web.embedded.tomcat.GracefulShutdown - Commencing graceful shutdown. Waiting for active requests to complete
2025-06-20 16:32:53 [tomcat-shutdown] INFO  o.s.boot.web.embedded.tomcat.GracefulShutdown - Graceful shutdown complete
2025-06-20 16:32:53 [SpringApplicationShutdownHook] INFO  com.zaxxer.hikari.HikariDataSource - HikariPool-1 - Shutdown initiated...
2025-06-20 16:32:53 [SpringApplicationShutdownHook] INFO  com.zaxxer.hikari.HikariDataSource - HikariPool-1 - Shutdown completed.
2025-06-20 18:08:30 [main] INFO  com.kezhang.tliasbackend.TliasBackendApplication - Starting TliasBackendApplication using Java 21.0.7 with PID 97893 (/Users/zhangke/Documents/Projects/Tlias_SchoolManagementSystem/tlias-backend/target/classes started by zhangke in /Users/zhangke/Documents/Projects/Tlias_SchoolManagementSystem)
2025-06-20 18:08:30 [main] INFO  com.kezhang.tliasbackend.TliasBackendApplication - No active profile set, falling back to 1 default profile: "default"
2025-06-20 18:08:30 [main] INFO  o.s.boot.web.embedded.tomcat.TomcatWebServer - Tomcat initialized with port 8080 (http)
2025-06-20 18:08:30 [main] INFO  org.apache.coyote.http11.Http11NioProtocol - Initializing ProtocolHandler ["http-nio-8080"]
2025-06-20 18:08:30 [main] INFO  org.apache.catalina.core.StandardService - Starting service [Tomcat]
2025-06-20 18:08:30 [main] INFO  org.apache.catalina.core.StandardEngine - Starting Servlet engine: [Apache Tomcat/10.1.41]
2025-06-20 18:08:30 [main] INFO  o.a.c.core.ContainerBase.[Tomcat].[localhost].[/] - Initializing Spring embedded WebApplicationContext
2025-06-20 18:08:30 [main] INFO  o.s.b.w.s.c.ServletWebServerApplicationContext - Root WebApplicationContext: initialization completed in 336 ms
2025-06-20 18:08:30 [main] INFO  o.s.v.beanvalidation.OptionalValidatorFactoryBean - Failed to set up a Bean Validation provider: jakarta.validation.NoProviderFoundException: Unable to create a Configuration, because no Jakarta Bean Validation provider could be found. Add a provider like Hibernate Validator (RI) to your classpath.
2025-06-20 18:08:30 [main] INFO  org.apache.coyote.http11.Http11NioProtocol - Starting ProtocolHandler ["http-nio-8080"]
2025-06-20 18:08:30 [main] INFO  o.s.boot.web.embedded.tomcat.TomcatWebServer - Tomcat started on port 8080 (http) with context path '/'
2025-06-20 18:08:30 [main] INFO  com.kezhang.tliasbackend.TliasBackendApplication - Started TliasBackendApplication in 0.836 seconds (process running for 1.051)
2025-06-20 18:08:45 [http-nio-8080-exec-1] INFO  o.a.c.core.ContainerBase.[Tomcat].[localhost].[/] - Initializing Spring DispatcherServlet 'dispatcherServlet'
2025-06-20 18:08:45 [http-nio-8080-exec-1] INFO  org.springframework.web.servlet.DispatcherServlet - Initializing Servlet 'dispatcherServlet'
2025-06-20 18:08:45 [http-nio-8080-exec-1] INFO  org.springframework.web.servlet.DispatcherServlet - Completed initialization in 1 ms
2025-06-20 18:08:45 [http-nio-8080-exec-1] INFO  c.kezhang.tliasbackend.controller.ReportController - Received request for position employee report.
2025-06-20 18:08:45 [http-nio-8080-exec-1] INFO  c.k.tliasbackend.service.impl.ReportServiceImpl - Fetching position employee count data.
2025-06-20 18:08:45 [http-nio-8080-exec-1] INFO  com.zaxxer.hikari.HikariDataSource - HikariPool-1 - Starting...
2025-06-20 18:08:45 [http-nio-8080-exec-1] INFO  com.zaxxer.hikari.pool.HikariPool - HikariPool-1 - Added connection com.mysql.cj.jdbc.ConnectionImpl@4c7be6e9
2025-06-20 18:08:45 [http-nio-8080-exec-1] INFO  com.zaxxer.hikari.HikariDataSource - HikariPool-1 - Start completed.
2025-06-20 18:08:45 [http-nio-8080-exec-1] INFO  c.k.tliasbackend.service.impl.ReportServiceImpl - Fetched position employee count data: [PositionEmployeeCountDTO(positionName=Professor, employeeCount=4), PositionEmployeeCountDTO(positionName=Associate Professor, employeeCount=2), PositionEmployeeCountDTO(positionName=Teaching Assistant, employeeCount=5), PositionEmployeeCountDTO(positionName=Administrative Coordinator, employeeCount=10), PositionEmployeeCountDTO(positionName=Student Counselor, employeeCount=8), PositionEmployeeCountDTO(positionName=Librarian, employeeCount=3), PositionEmployeeCountDTO(positionName=IT Specialist, employeeCount=6), PositionEmployeeCountDTO(positionName=HR Specialist, employeeCount=5), PositionEmployeeCountDTO(positionName=Financial Analyst, employeeCount=3), PositionEmployeeCountDTO(positionName=Facilities Technician, employeeCount=4)]
2025-06-20 18:08:45 [http-nio-8080-exec-1] INFO  c.k.tliasbackend.service.impl.ReportServiceImpl - Converting fetched data to PositionEmployeeCountDTO.
2025-06-20 18:08:45 [http-nio-8080-exec-1] INFO  c.k.tliasbackend.service.impl.ReportServiceImpl - Converted position names: [Professor, Associate Professor, Teaching Assistant, Administrative Coordinator, Student Counselor, Librarian, IT Specialist, HR Specialist, Financial Analyst, Facilities Technician]
2025-06-20 18:08:45 [http-nio-8080-exec-1] INFO  c.k.tliasbackend.service.impl.ReportServiceImpl - Converted employee counts: [4, 2, 5, 10, 8, 3, 6, 5, 3, 4]
2025-06-20 18:08:45 [http-nio-8080-exec-1] INFO  c.k.tliasbackend.service.impl.ReportServiceImpl - Final PositionEmployeeCountResponseDTO: PositionEmployeeCountResponseDTO(positionNameList=[Professor, Associate Professor, Teaching Assistant, Administrative Coordinator, Student Counselor, Librarian, IT Specialist, HR Specialist, Financial Analyst, Facilities Technician], employeeCountList=[4, 2, 5, 10, 8, 3, 6, 5, 3, 4])
2025-06-20 18:08:45 [http-nio-8080-exec-1] INFO  c.kezhang.tliasbackend.controller.ReportController - Returning position employee report data: PositionEmployeeCountResponseDTO(positionNameList=[Professor, Associate Professor, Teaching Assistant, Administrative Coordinator, Student Counselor, Librarian, IT Specialist, HR Specialist, Financial Analyst, Facilities Technician], employeeCountList=[4, 2, 5, 10, 8, 3, 6, 5, 3, 4])
2025-06-20 18:08:56 [SpringApplicationShutdownHook] INFO  o.s.boot.web.embedded.tomcat.GracefulShutdown - Commencing graceful shutdown. Waiting for active requests to complete
2025-06-20 18:08:58 [tomcat-shutdown] INFO  o.s.boot.web.embedded.tomcat.GracefulShutdown - Graceful shutdown complete
2025-06-20 18:08:58 [SpringApplicationShutdownHook] INFO  com.zaxxer.hikari.HikariDataSource - HikariPool-1 - Shutdown initiated...
2025-06-20 18:08:58 [SpringApplicationShutdownHook] INFO  com.zaxxer.hikari.HikariDataSource - HikariPool-1 - Shutdown completed.
2025-06-20 19:11:04 [main] INFO  com.kezhang.tliasbackend.TliasBackendApplication - Starting TliasBackendApplication using Java 21.0.7 with PID 98488 (/Users/zhangke/Documents/Projects/Tlias_SchoolManagementSystem/tlias-backend/target/classes started by zhangke in /Users/zhangke/Documents/Projects/Tlias_SchoolManagementSystem)
2025-06-20 19:11:04 [main] INFO  com.kezhang.tliasbackend.TliasBackendApplication - No active profile set, falling back to 1 default profile: "default"
2025-06-20 19:11:05 [main] INFO  o.s.boot.web.embedded.tomcat.TomcatWebServer - Tomcat initialized with port 8080 (http)
2025-06-20 19:11:05 [main] INFO  org.apache.coyote.http11.Http11NioProtocol - Initializing ProtocolHandler ["http-nio-8080"]
2025-06-20 19:11:05 [main] INFO  org.apache.catalina.core.StandardService - Starting service [Tomcat]
2025-06-20 19:11:05 [main] INFO  org.apache.catalina.core.StandardEngine - Starting Servlet engine: [Apache Tomcat/10.1.41]
2025-06-20 19:11:05 [main] INFO  o.a.c.core.ContainerBase.[Tomcat].[localhost].[/] - Initializing Spring embedded WebApplicationContext
2025-06-20 19:11:05 [main] INFO  o.s.b.w.s.c.ServletWebServerApplicationContext - Root WebApplicationContext: initialization completed in 371 ms
2025-06-20 19:11:05 [main] INFO  o.s.v.beanvalidation.OptionalValidatorFactoryBean - Failed to set up a Bean Validation provider: jakarta.validation.NoProviderFoundException: Unable to create a Configuration, because no Jakarta Bean Validation provider could be found. Add a provider like Hibernate Validator (RI) to your classpath.
2025-06-20 19:11:05 [main] INFO  org.apache.coyote.http11.Http11NioProtocol - Starting ProtocolHandler ["http-nio-8080"]
2025-06-20 19:11:05 [main] INFO  o.s.boot.web.embedded.tomcat.TomcatWebServer - Tomcat started on port 8080 (http) with context path '/'
2025-06-20 19:11:05 [main] INFO  com.kezhang.tliasbackend.TliasBackendApplication - Started TliasBackendApplication in 0.884 seconds (process running for 1.108)
2025-06-20 19:11:16 [http-nio-8080-exec-1] INFO  o.a.c.core.ContainerBase.[Tomcat].[localhost].[/] - Initializing Spring DispatcherServlet 'dispatcherServlet'
2025-06-20 19:11:16 [http-nio-8080-exec-1] INFO  org.springframework.web.servlet.DispatcherServlet - Initializing Servlet 'dispatcherServlet'
2025-06-20 19:11:16 [http-nio-8080-exec-1] INFO  org.springframework.web.servlet.DispatcherServlet - Completed initialization in 0 ms
2025-06-20 19:11:16 [http-nio-8080-exec-1] INFO  c.kezhang.tliasbackend.controller.ReportController - Received request for gender distribution report.
2025-06-20 19:11:16 [http-nio-8080-exec-1] INFO  c.k.tliasbackend.service.impl.ReportServiceImpl - Fetching DTO from ReportMapper
2025-06-20 19:11:16 [http-nio-8080-exec-1] INFO  com.zaxxer.hikari.HikariDataSource - HikariPool-1 - Starting...
2025-06-20 19:11:16 [http-nio-8080-exec-1] INFO  com.zaxxer.hikari.pool.HikariPool - HikariPool-1 - Added connection com.mysql.cj.jdbc.ConnectionImpl@4998bcb9
2025-06-20 19:11:16 [http-nio-8080-exec-1] INFO  com.zaxxer.hikari.HikariDataSource - HikariPool-1 - Start completed.
2025-06-20 19:11:16 [http-nio-8080-exec-1] INFO  c.k.tliasbackend.service.impl.ReportServiceImpl - Fetched DTO List: [EmployeeGenderDTO(name=Male, value=26), EmployeeGenderDTO(name=Female, value=24)]
2025-06-20 19:11:16 [http-nio-8080-exec-1] INFO  c.kezhang.tliasbackend.controller.ReportController - Returning employee gender report data: [EmployeeGenderDTO(name=Male, value=26), EmployeeGenderDTO(name=Female, value=24)]
2025-06-20 19:11:24 [SpringApplicationShutdownHook] INFO  o.s.boot.web.embedded.tomcat.GracefulShutdown - Commencing graceful shutdown. Waiting for active requests to complete
2025-06-20 19:11:26 [tomcat-shutdown] INFO  o.s.boot.web.embedded.tomcat.GracefulShutdown - Graceful shutdown complete
2025-06-20 19:11:26 [SpringApplicationShutdownHook] INFO  com.zaxxer.hikari.HikariDataSource - HikariPool-1 - Shutdown initiated...
2025-06-20 19:11:26 [SpringApplicationShutdownHook] INFO  com.zaxxer.hikari.HikariDataSource - HikariPool-1 - Shutdown completed.
