2025-06-10 22:28:15 [main] INFO  com.kezhang.tliasbackend.TliasBackendApplication - Starting TliasBackendApplication using Java 21.0.7 with PID 38860 (/Users/zhangke/Documents/Projects/Tlias_SchoolManagementSystem/tlias-backend/target/classes started by zhangke in /Users/zhangke/Documents/Projects/Tlias_SchoolManagementSystem)
2025-06-10 22:28:15 [main] INFO  com.kezhang.tliasbackend.TliasBackendApplication - No active profile set, falling back to 1 default profile: "default"
2025-06-10 22:28:15 [main] INFO  o.s.boot.web.embedded.tomcat.TomcatWebServer - Tomcat initialized with port 8080 (http)
2025-06-10 22:28:15 [main] INFO  org.apache.coyote.http11.Http11NioProtocol - Initializing ProtocolHandler ["http-nio-8080"]
2025-06-10 22:28:15 [main] INFO  org.apache.catalina.core.StandardService - Starting service [Tomcat]
2025-06-10 22:28:15 [main] INFO  org.apache.catalina.core.StandardEngine - Starting Servlet engine: [Apache Tomcat/10.1.41]
2025-06-10 22:28:15 [main] INFO  o.a.c.core.ContainerBase.[Tomcat].[localhost].[/] - Initializing Spring embedded WebApplicationContext
2025-06-10 22:28:15 [main] INFO  o.s.b.w.s.c.ServletWebServerApplicationContext - Root WebApplicationContext: initialization completed in 357 ms
2025-06-10 22:28:15 [main] INFO  o.s.v.beanvalidation.OptionalValidatorFactoryBean - Failed to set up a Bean Validation provider: jakarta.validation.NoProviderFoundException: Unable to create a Configuration, because no Jakarta Bean Validation provider could be found. Add a provider like Hibernate Validator (RI) to your classpath.
2025-06-10 22:28:15 [main] INFO  org.apache.coyote.http11.Http11NioProtocol - Starting ProtocolHandler ["http-nio-8080"]
2025-06-10 22:28:15 [main] INFO  o.s.boot.web.embedded.tomcat.TomcatWebServer - Tomcat started on port 8080 (http) with context path '/'
2025-06-10 22:28:15 [main] INFO  com.kezhang.tliasbackend.TliasBackendApplication - Started TliasBackendApplication in 0.816 seconds (process running for 1.044)
2025-06-10 22:28:37 [http-nio-8080-exec-1] INFO  o.a.c.core.ContainerBase.[Tomcat].[localhost].[/] - Initializing Spring DispatcherServlet 'dispatcherServlet'
2025-06-10 22:28:37 [http-nio-8080-exec-1] INFO  org.springframework.web.servlet.DispatcherServlet - Initializing Servlet 'dispatcherServlet'
2025-06-10 22:28:37 [http-nio-8080-exec-1] INFO  org.springframework.web.servlet.DispatcherServlet - Completed initialization in 0 ms
2025-06-10 22:28:37 [http-nio-8080-exec-1] INFO  c.k.tliasbackend.controller.DepartmentController - Fetching all departments from the service started.
2025-06-10 22:28:37 [http-nio-8080-exec-1] INFO  c.k.t.service.impl.DepartmentServiceImpl - Fetching all departments from the database started.
2025-06-10 22:28:37 [http-nio-8080-exec-1] INFO  com.zaxxer.hikari.HikariDataSource - HikariPool-1 - Starting...
2025-06-10 22:28:38 [http-nio-8080-exec-1] INFO  com.zaxxer.hikari.pool.HikariPool - HikariPool-1 - Added connection com.mysql.cj.jdbc.ConnectionImpl@74ad1dd4
2025-06-10 22:28:38 [http-nio-8080-exec-1] INFO  com.zaxxer.hikari.HikariDataSource - HikariPool-1 - Start completed.
2025-06-10 22:28:38 [http-nio-8080-exec-1] INFO  c.k.t.service.impl.DepartmentServiceImpl - Fetching all departments from the database completed. Total departments size: 11
2025-06-10 22:28:38 [http-nio-8080-exec-1] INFO  c.k.tliasbackend.controller.DepartmentController - Fetching all departments from the service completed. Total departments size: 11
2025-06-10 22:29:37 [SpringApplicationShutdownHook] INFO  o.s.boot.web.embedded.tomcat.GracefulShutdown - Commencing graceful shutdown. Waiting for active requests to complete
2025-06-10 22:29:39 [tomcat-shutdown] INFO  o.s.boot.web.embedded.tomcat.GracefulShutdown - Graceful shutdown complete
2025-06-10 22:29:39 [SpringApplicationShutdownHook] INFO  com.zaxxer.hikari.HikariDataSource - HikariPool-1 - Shutdown initiated...
2025-06-10 22:29:39 [SpringApplicationShutdownHook] INFO  com.zaxxer.hikari.HikariDataSource - HikariPool-1 - Shutdown completed.
