2025-06-23 13:45:55 [http-nio-8080-exec-1] INFO  c.k.tliasbackend.controller.DepartmentController - Fetching all department names for dropdown menus started.
2025-06-23 13:45:55 [http-nio-8080-exec-1] INFO  c.k.tliasbackend.controller.DepartmentController - Fetching all department names for dropdown menus completed. Total department names size: 10
2025-06-23 13:46:05 [http-nio-8080-exec-3] ERROR c.k.tliasbackend.controller.GlobalExceptionHandler - An unknown error occurred: No static resource position/names.
org.springframework.web.servlet.resource.NoResourceFoundException: No static resource position/names.
	at org.springframework.web.servlet.resource.ResourceHttpRequestHandler.handleRequest(ResourceHttpRequestHandler.java:585)
	at org.springframework.web.servlet.mvc.HttpRequestHandlerAdapter.handle(HttpRequestHandlerAdapter.java:52)
	at org.springframework.web.servlet.DispatcherServlet.doDispatch(DispatcherServlet.java:1089)
	at org.springframework.web.servlet.DispatcherServlet.doService(DispatcherServlet.java:979)
	at org.springframework.web.servlet.FrameworkServlet.processRequest(FrameworkServlet.java:1014)
	at org.springframework.web.servlet.FrameworkServlet.doGet(FrameworkServlet.java:903)
	at jakarta.servlet.http.HttpServlet.service(HttpServlet.java:564)
	at org.springframework.web.servlet.FrameworkServlet.service(FrameworkServlet.java:885)
	at jakarta.servlet.http.HttpServlet.service(HttpServlet.java:658)
	at org.apache.catalina.core.ApplicationFilterChain.internalDoFilter(ApplicationFilterChain.java:195)
	at org.apache.catalina.core.ApplicationFilterChain.doFilter(ApplicationFilterChain.java:140)
	at org.apache.tomcat.websocket.server.WsFilter.doFilter(WsFilter.java:51)
	at org.apache.catalina.core.ApplicationFilterChain.internalDoFilter(ApplicationFilterChain.java:164)
	at org.apache.catalina.core.ApplicationFilterChain.doFilter(ApplicationFilterChain.java:140)
	at org.springframework.web.filter.RequestContextFilter.doFilterInternal(RequestContextFilter.java:100)
	at org.springframework.web.filter.OncePerRequestFilter.doFilter(OncePerRequestFilter.java:116)
	at org.apache.catalina.core.ApplicationFilterChain.internalDoFilter(ApplicationFilterChain.java:164)
	at org.apache.catalina.core.ApplicationFilterChain.doFilter(ApplicationFilterChain.java:140)
	at org.springframework.web.filter.FormContentFilter.doFilterInternal(FormContentFilter.java:93)
	at org.springframework.web.filter.OncePerRequestFilter.doFilter(OncePerRequestFilter.java:116)
	at org.apache.catalina.core.ApplicationFilterChain.internalDoFilter(ApplicationFilterChain.java:164)
	at org.apache.catalina.core.ApplicationFilterChain.doFilter(ApplicationFilterChain.java:140)
	at org.springframework.web.filter.CharacterEncodingFilter.doFilterInternal(CharacterEncodingFilter.java:201)
	at org.springframework.web.filter.OncePerRequestFilter.doFilter(OncePerRequestFilter.java:116)
	at org.apache.catalina.core.ApplicationFilterChain.internalDoFilter(ApplicationFilterChain.java:164)
	at org.apache.catalina.core.ApplicationFilterChain.doFilter(ApplicationFilterChain.java:140)
	at org.apache.catalina.core.StandardWrapperValve.invoke(StandardWrapperValve.java:167)
	at org.apache.catalina.core.StandardContextValve.invoke(StandardContextValve.java:90)
	at org.apache.catalina.authenticator.AuthenticatorBase.invoke(AuthenticatorBase.java:483)
	at org.apache.catalina.core.StandardHostValve.invoke(StandardHostValve.java:116)
	at org.apache.catalina.valves.ErrorReportValve.invoke(ErrorReportValve.java:93)
	at org.apache.catalina.core.StandardEngineValve.invoke(StandardEngineValve.java:74)
	at org.apache.catalina.connector.CoyoteAdapter.service(CoyoteAdapter.java:344)
	at org.apache.coyote.http11.Http11Processor.service(Http11Processor.java:398)
	at org.apache.coyote.AbstractProcessorLight.process(AbstractProcessorLight.java:63)
	at org.apache.coyote.AbstractProtocol$ConnectionHandler.process(AbstractProtocol.java:903)
	at org.apache.tomcat.util.net.NioEndpoint$SocketProcessor.doRun(NioEndpoint.java:1740)
	at org.apache.tomcat.util.net.SocketProcessorBase.run(SocketProcessorBase.java:52)
	at org.apache.tomcat.util.threads.ThreadPoolExecutor.runWorker(ThreadPoolExecutor.java:1189)
	at org.apache.tomcat.util.threads.ThreadPoolExecutor$Worker.run(ThreadPoolExecutor.java:658)
	at org.apache.tomcat.util.threads.TaskThread$WrappingRunnable.run(TaskThread.java:63)
	at java.base/java.lang.Thread.run(Thread.java:1583)
2025-06-23 13:46:15 [http-nio-8080-exec-4] INFO  c.k.tliasbackend.controller.PositionController - Fetching all position names from the service started.
2025-06-23 13:46:15 [http-nio-8080-exec-4] INFO  c.k.tliasbackend.controller.PositionController - Fetching all position names from the service completed. Total position names size: 10
2025-06-23 14:27:17 [http-nio-8080-exec-2] ERROR c.k.tliasbackend.controller.GlobalExceptionHandler - An unknown error occurred: Method parameter 'id': Failed to convert value of type 'java.lang.String' to required type 'java.lang.Integer'; For input string: "names"
org.springframework.web.method.annotation.MethodArgumentTypeMismatchException: Method parameter 'id': Failed to convert value of type 'java.lang.String' to required type 'java.lang.Integer'; For input string: "names"
	at org.springframework.web.method.annotation.AbstractNamedValueMethodArgumentResolver.convertIfNecessary(AbstractNamedValueMethodArgumentResolver.java:301)
	at org.springframework.web.method.annotation.AbstractNamedValueMethodArgumentResolver.resolveArgument(AbstractNamedValueMethodArgumentResolver.java:136)
	at org.springframework.web.method.support.HandlerMethodArgumentResolverComposite.resolveArgument(HandlerMethodArgumentResolverComposite.java:122)
	at org.springframework.web.method.support.InvocableHandlerMethod.getMethodArgumentValues(InvocableHandlerMethod.java:227)
	at org.springframework.web.method.support.InvocableHandlerMethod.invokeForRequest(InvocableHandlerMethod.java:181)
	at org.springframework.web.servlet.mvc.method.annotation.ServletInvocableHandlerMethod.invokeAndHandle(ServletInvocableHandlerMethod.java:118)
	at org.springframework.web.servlet.mvc.method.annotation.RequestMappingHandlerAdapter.invokeHandlerMethod(RequestMappingHandlerAdapter.java:986)
	at org.springframework.web.servlet.mvc.method.annotation.RequestMappingHandlerAdapter.handleInternal(RequestMappingHandlerAdapter.java:891)
	at org.springframework.web.servlet.mvc.method.AbstractHandlerMethodAdapter.handle(AbstractHandlerMethodAdapter.java:87)
	at org.springframework.web.servlet.DispatcherServlet.doDispatch(DispatcherServlet.java:1089)
	at org.springframework.web.servlet.DispatcherServlet.doService(DispatcherServlet.java:979)
	at org.springframework.web.servlet.FrameworkServlet.processRequest(FrameworkServlet.java:1014)
	at org.springframework.web.servlet.FrameworkServlet.doGet(FrameworkServlet.java:903)
	at jakarta.servlet.http.HttpServlet.service(HttpServlet.java:564)
	at org.springframework.web.servlet.FrameworkServlet.service(FrameworkServlet.java:885)
	at jakarta.servlet.http.HttpServlet.service(HttpServlet.java:658)
	at org.apache.catalina.core.ApplicationFilterChain.internalDoFilter(ApplicationFilterChain.java:195)
	at org.apache.catalina.core.ApplicationFilterChain.doFilter(ApplicationFilterChain.java:140)
	at org.apache.tomcat.websocket.server.WsFilter.doFilter(WsFilter.java:51)
	at org.apache.catalina.core.ApplicationFilterChain.internalDoFilter(ApplicationFilterChain.java:164)
	at org.apache.catalina.core.ApplicationFilterChain.doFilter(ApplicationFilterChain.java:140)
	at org.springframework.web.filter.RequestContextFilter.doFilterInternal(RequestContextFilter.java:100)
	at org.springframework.web.filter.OncePerRequestFilter.doFilter(OncePerRequestFilter.java:116)
	at org.apache.catalina.core.ApplicationFilterChain.internalDoFilter(ApplicationFilterChain.java:164)
	at org.apache.catalina.core.ApplicationFilterChain.doFilter(ApplicationFilterChain.java:140)
	at org.springframework.web.filter.FormContentFilter.doFilterInternal(FormContentFilter.java:93)
	at org.springframework.web.filter.OncePerRequestFilter.doFilter(OncePerRequestFilter.java:116)
	at org.apache.catalina.core.ApplicationFilterChain.internalDoFilter(ApplicationFilterChain.java:164)
	at org.apache.catalina.core.ApplicationFilterChain.doFilter(ApplicationFilterChain.java:140)
	at org.springframework.web.filter.CharacterEncodingFilter.doFilterInternal(CharacterEncodingFilter.java:201)
	at org.springframework.web.filter.OncePerRequestFilter.doFilter(OncePerRequestFilter.java:116)
	at org.apache.catalina.core.ApplicationFilterChain.internalDoFilter(ApplicationFilterChain.java:164)
	at org.apache.catalina.core.ApplicationFilterChain.doFilter(ApplicationFilterChain.java:140)
	at org.apache.catalina.core.StandardWrapperValve.invoke(StandardWrapperValve.java:167)
	at org.apache.catalina.core.StandardContextValve.invoke(StandardContextValve.java:90)
	at org.apache.catalina.authenticator.AuthenticatorBase.invoke(AuthenticatorBase.java:483)
	at org.apache.catalina.core.StandardHostValve.invoke(StandardHostValve.java:116)
	at org.apache.catalina.valves.ErrorReportValve.invoke(ErrorReportValve.java:93)
	at org.apache.catalina.core.StandardEngineValve.invoke(StandardEngineValve.java:74)
	at org.apache.catalina.connector.CoyoteAdapter.service(CoyoteAdapter.java:344)
	at org.apache.coyote.http11.Http11Processor.service(Http11Processor.java:398)
	at org.apache.coyote.AbstractProcessorLight.process(AbstractProcessorLight.java:63)
	at org.apache.coyote.AbstractProtocol$ConnectionHandler.process(AbstractProtocol.java:903)
	at org.apache.tomcat.util.net.NioEndpoint$SocketProcessor.doRun(NioEndpoint.java:1740)
	at org.apache.tomcat.util.net.SocketProcessorBase.run(SocketProcessorBase.java:52)
	at org.apache.tomcat.util.threads.ThreadPoolExecutor.runWorker(ThreadPoolExecutor.java:1189)
	at org.apache.tomcat.util.threads.ThreadPoolExecutor$Worker.run(ThreadPoolExecutor.java:658)
	at org.apache.tomcat.util.threads.TaskThread$WrappingRunnable.run(TaskThread.java:63)
	at java.base/java.lang.Thread.run(Thread.java:1583)
Caused by: java.lang.NumberFormatException: For input string: "names"
	at java.base/java.lang.NumberFormatException.forInputString(NumberFormatException.java:67)
	at java.base/java.lang.Integer.parseInt(Integer.java:662)
	at java.base/java.lang.Integer.valueOf(Integer.java:989)
	at org.springframework.util.NumberUtils.parseNumber(NumberUtils.java:201)
	at org.springframework.beans.propertyeditors.CustomNumberEditor.setAsText(CustomNumberEditor.java:115)
	at org.springframework.beans.TypeConverterDelegate.doConvertTextValue(TypeConverterDelegate.java:439)
	at org.springframework.beans.TypeConverterDelegate.doConvertValue(TypeConverterDelegate.java:412)
	at org.springframework.beans.TypeConverterDelegate.convertIfNecessary(TypeConverterDelegate.java:161)
	at org.springframework.beans.TypeConverterSupport.convertIfNecessary(TypeConverterSupport.java:80)
	at org.springframework.beans.TypeConverterSupport.convertIfNecessary(TypeConverterSupport.java:53)
	at org.springframework.validation.DataBinder.convertIfNecessary(DataBinder.java:867)
	at org.springframework.web.method.annotation.AbstractNamedValueMethodArgumentResolver.convertIfNecessary(AbstractNamedValueMethodArgumentResolver.java:293)
	... 48 common frames omitted
2025-06-23 14:27:57 [http-nio-8080-exec-1] INFO  c.k.tliasbackend.controller.EmployeeController - Fetching all employee names started.
2025-06-23 14:27:57 [http-nio-8080-exec-1] INFO  c.k.tliasbackend.controller.EmployeeController - Fetched all employee names completed. Total names: 50
2025-06-23 15:42:57 [http-nio-8080-exec-1] INFO  c.k.tliasbackend.controller.EmployeeController - Fetching employees by condition started. DTO: EmployeeQueryParam(name=null, gender=null, startDate=null, endDate=null, page=1, pageSize=10)
2025-06-23 15:42:57 [http-nio-8080-exec-1] INFO  c.k.tliasbackend.controller.EmployeeController - Fetched employees by condition completed. Total records: 50, Records size: 10
2025-06-23 15:43:01 [http-nio-8080-exec-2] INFO  c.k.tliasbackend.controller.DepartmentController - Fetching all departments from the service started.
2025-06-23 15:43:01 [http-nio-8080-exec-2] INFO  c.k.tliasbackend.controller.DepartmentController - Fetching all departments from the service completed. Total departments size: 10
2025-06-23 15:43:06 [http-nio-8080-exec-4] INFO  c.k.tliasbackend.controller.PositionController - Fetching all positions from the service started.
2025-06-23 15:43:06 [http-nio-8080-exec-4] INFO  c.k.tliasbackend.controller.PositionController - Fetching all positions from the service completed. Total positions size: 10
2025-06-23 15:43:11 [http-nio-8080-exec-6] INFO  c.k.tliasbackend.controller.EmployeeController - Fetching employee by ID: 1
2025-06-23 15:43:11 [http-nio-8080-exec-6] INFO  c.k.tliasbackend.controller.EmployeeController - Fetched employee by ID completed. Employee details: EmployeeDisplayDTO(id=null, username=JohnSmith, name=John Smith, gender=1, phone=6173520981, jobTitle=Administrative Coordinator, departmentName=Admissions, salary=61906.65, entryDate=2020-06-15, image=https://i.pravatar.cc/250?u=JohnSmith, employeeHistoryUpdateDisplayDTOList=[EmployeeHistoryUpdateDisplayDTO(startDate=2015-03-10, endDate=2020-06-01, jobTitle=Administrative Assistant, companyName=Boston University, employeeId=1), EmployeeHistoryUpdateDisplayDTO(startDate=2012-07-15, endDate=2015-02-28, jobTitle=Office Clerk, companyName=Massachusetts General Hospital, employeeId=1)])
2025-06-23 15:43:36 [http-nio-8080-exec-8] INFO  c.k.tliasbackend.controller.EmployeeController - Updating employee started. DTO: EmployeeUpdateDTO(id=1, username=JohnSmith, name=John Smith Updated, gender=1, phone=6173520981, jobTitle=null, departmentId=1, salary=65000.00, entryDate=2020-06-15, image=https://i.pravatar.cc/250?u=JohnSmith, employeeHistoryUpdateDisplayDTOList=[EmployeeHistoryUpdateDisplayDTO(startDate=2015-03-10, endDate=2020-06-01, jobTitle=Administrative Assistant, companyName=Boston University, employeeId=1)])
2025-06-23 15:43:36 [http-nio-8080-exec-8] INFO  c.k.tliasbackend.controller.EmployeeController - Updating employee completed.
2025-06-23 15:43:40 [http-nio-8080-exec-10] INFO  c.k.tliasbackend.controller.EmployeeController - Fetching employee by ID: 1
2025-06-23 15:43:40 [http-nio-8080-exec-10] INFO  c.k.tliasbackend.controller.EmployeeController - Fetched employee by ID completed. Employee details: EmployeeDisplayDTO(id=null, username=JohnSmith, name=John Smith Updated, gender=1, phone=6173520981, jobTitle=Administrative Coordinator, departmentName=Admissions, salary=65000.00, entryDate=2020-06-15, image=https://i.pravatar.cc/250?u=JohnSmith, employeeHistoryUpdateDisplayDTOList=[EmployeeHistoryUpdateDisplayDTO(startDate=2015-03-10, endDate=2020-06-01, jobTitle=Administrative Assistant, companyName=Boston University, employeeId=1)])
