2025-06-16 15:47:27 [http-nio-8080-exec-5] INFO  c.k.tliasbackend.controller.FileManageController - Image uploaded successfully, URL: http://localhost:8080/employee/image/2025/06/8ad107de-7d3b-4724-86c9-2534a8fc4d69.jpeg
2025-06-16 15:48:50 [http-nio-8080-exec-4] INFO  c.k.tliasbackend.controller.FileManageController - Image uploaded successfully, URL: http://localhost:8080/employee/image/2025/06/ecb939f0-6299-48b8-a4bd-4bb00334477b.jpeg
2025-06-16 15:58:14 [http-nio-8080-exec-5] INFO  c.k.tliasbackend.controller.FileManageController - Deleting file at path: local
2025-06-16 16:02:57 [http-nio-8080-exec-1] INFO  c.k.tliasbackend.controller.FileManageController - Deleting file at path: http://localhost:8080/employee/image/2025/06/ecb939f0-6299-48b8-a4bd-4bb00334477b.jpeg"
2025-06-16 16:02:57 [http-nio-8080-exec-1] INFO  c.k.tliasbackend.controller.FileManageController - File deleted successfully at path: http://localhost:8080/employee/image/2025/06/ecb939f0-6299-48b8-a4bd-4bb00334477b.jpeg"
2025-06-16 16:05:39 [http-nio-8080-exec-1] INFO  c.k.tliasbackend.controller.FileManageController - Deleting file at path: http://localhost:8080/employee/image/2025/06/ecb939f0-6299-48b8-a4bd-4bb00334477b.jpeg"
2025-06-16 16:05:39 [http-nio-8080-exec-1] INFO  c.k.tliasbackend.controller.FileManageController - File deleted successfully at path: http://localhost:8080/employee/image/2025/06/ecb939f0-6299-48b8-a4bd-4bb00334477b.jpeg"
2025-06-16 16:09:16 [http-nio-8080-exec-2] INFO  c.k.tliasbackend.controller.FileManageController - Deleting file at path: http://localhost:8080/employee/image/2025/06/ecb939f0-6299-48b8-a4bd-4bb00334477b.jpeg"
2025-06-16 16:09:16 [http-nio-8080-exec-2] INFO  c.k.tliasbackend.controller.FileManageController - File deleted successfully at path: http://localhost:8080/employee/image/2025/06/ecb939f0-6299-48b8-a4bd-4bb00334477b.jpeg"
2025-06-16 16:11:37 [http-nio-8080-exec-2] INFO  c.k.tliasbackend.controller.FileManageController - Deleting file at path: http://localhost:8080/employee/image/2025/06/ecb939f0-6299-48b8-a4bd-4bb00334477b.jpeg"
2025-06-16 16:11:37 [http-nio-8080-exec-2] INFO  c.k.tliasbackend.controller.FileManageController - File deleted successfully at path: http://localhost:8080/employee/image/2025/06/ecb939f0-6299-48b8-a4bd-4bb00334477b.jpeg"
2025-06-16 16:13:37 [http-nio-8080-exec-2] INFO  c.k.tliasbackend.controller.FileManageController - Deleting file at path: http://localhost:8080/employee/image/2025/06/ecb939f0-6299-48b8-a4bd-4bb00334477b.jpeg"
2025-06-16 16:13:37 [http-nio-8080-exec-2] INFO  c.k.tliasbackend.controller.FileManageController - File deleted successfully at path: http://localhost:8080/employee/image/2025/06/ecb939f0-6299-48b8-a4bd-4bb00334477b.jpeg"
2025-06-16 16:31:32 [http-nio-8080-exec-3] INFO  c.k.tliasbackend.controller.FileManageController - Employee image uploaded successfully, URL: https://tlias-school-management-system.oss-us-west-1.aliyuncs.com/tlias/employee/image/2025/06/a62d5181-7b3d-4621-9830-acc29baf5d23.jpeg
2025-06-16 16:33:02 [http-nio-8080-exec-5] INFO  c.k.tliasbackend.controller.FileManageController - Employee image uploaded successfully, URL: https://tlias-school-management-system.oss-us-west-1.aliyuncs.com/tlias/employee/image/2025/06/c1f8621a-1de7-494d-a8cf-aba345798b4f.jpeg
2025-06-16 16:33:11 [http-nio-8080-exec-6] INFO  c.k.tliasbackend.controller.FileManageController - Employee image uploaded successfully, URL: https://tlias-school-management-system.oss-us-west-1.aliyuncs.com/tlias/employee/image/2025/06/8926c781-ab2c-4dab-943e-4a4cbd04e893.jpeg
2025-06-16 16:33:17 [http-nio-8080-exec-7] INFO  c.k.tliasbackend.controller.FileManageController - Employee image uploaded successfully, URL: https://tlias-school-management-system.oss-us-west-1.aliyuncs.com/tlias/employee/image/2025/06/b8fe37de-8fb2-461f-a0ee-1b55fb6bfc3e.jpeg
2025-06-16 16:37:41 [http-nio-8080-exec-10] INFO  c.k.tliasbackend.controller.FileManageController - Deleting file at path: https://tlias-school-management-system.oss-us-west-1.aliyuncs.com/tlias/employee/image/2025/06/8926c781-ab2c-4dab-943e-4a4cbd04e893.jpeg
2025-06-16 16:37:42 [http-nio-8080-exec-10] INFO  c.k.tliasbackend.controller.FileManageController - File deleted successfully at path: https://tlias-school-management-system.oss-us-west-1.aliyuncs.com/tlias/employee/image/2025/06/8926c781-ab2c-4dab-943e-4a4cbd04e893.jpeg
2025-06-16 18:27:52 [http-nio-8080-exec-6] INFO  c.k.tliasbackend.controller.FileManageController - Employee image uploaded successfully, URL: https://tlias-school-management-system.oss-us-west-1.aliyuncs.com/tlias/employee/image/2025/06/b4c0b68f-d356-4072-846a-9686393e9823.jpeg
2025-06-16 18:27:59 [http-nio-8080-exec-7] INFO  c.k.tliasbackend.controller.FileManageController - Employee image uploaded successfully, URL: https://tlias-school-management-system.oss-us-west-1.aliyuncs.com/tlias/employee/image/2025/06/2bebb6ce-2ffb-494f-aa9c-cb8392b8abf3.jpeg
2025-06-16 18:28:00 [http-nio-8080-exec-8] INFO  c.k.tliasbackend.controller.FileManageController - Employee image uploaded successfully, URL: https://tlias-school-management-system.oss-us-west-1.aliyuncs.com/tlias/employee/image/2025/06/14a60762-eccb-4e5b-93ac-12c726f60401.jpeg
2025-06-16 18:28:08 [http-nio-8080-exec-9] INFO  c.k.tliasbackend.controller.FileManageController - Employee image uploaded successfully, URL: https://tlias-school-management-system.oss-us-west-1.aliyuncs.com/tlias/employee/image/2025/06/62b43e66-2565-403b-8649-ec3cb8821438.jpeg
2025-06-16 18:28:12 [http-nio-8080-exec-10] INFO  c.k.tliasbackend.controller.FileManageController - Employee image uploaded successfully, URL: https://tlias-school-management-system.oss-us-west-1.aliyuncs.com/tlias/employee/image/2025/06/b330326c-3d72-40f4-94dc-66886155128c.jpeg
2025-06-16 18:38:58 [http-nio-8080-exec-8] INFO  c.k.tliasbackend.controller.EmployeeController - Deleting employee started. IDs: [52]
2025-06-16 18:38:58 [http-nio-8080-exec-8] INFO  c.k.tliasbackend.controller.EmployeeController - Deleting employee completed.
2025-06-16 18:41:32 [http-nio-8080-exec-2] INFO  c.k.tliasbackend.controller.EmployeeController - Inserting new employee started. DTO: EmployeeInsertDTO(username=KeZhang, name=Ke Zhang, gender=1, phone=1234567890, jobTitle=1, departmentId=1, salary=6800.00, image=https://tlias-school-management-system.oss-us-west-1.aliyuncs.com/tlias/employee/image/2025/06/14a60762-eccb-4e5b-93ac-12c726f60401.jpeg, entryDate=2024-06-01, employeeHistoryInsertDTOList=[EmployeeHistoryInsertDTO(startDate=2020-01-01, endDate=2021-12-31, jobTitle=Senior SDE, companyName=Alibaba), EmployeeHistoryInsertDTO(startDate=2022-01-01, endDate=2023-12-31, jobTitle=Full stack Developer, companyName=Byte Dance)])
2025-06-16 18:44:09 [http-nio-8080-exec-1] INFO  c.k.tliasbackend.controller.EmployeeController - Inserting new employee started. DTO: EmployeeInsertDTO(username=KeZhang, name=Ke Zhang, gender=1, phone=1234567890, jobTitle=1, departmentId=1, salary=6800.00, image=https://tlias-school-management-system.oss-us-west-1.aliyuncs.com/tlias/employee/image/2025/06/14a60762-eccb-4e5b-93ac-12c726f60401.jpeg, entryDate=2024-06-01, employeeHistoryInsertDTOList=[EmployeeHistoryInsertDTO(startDate=2020-01-01, endDate=2021-12-31, jobTitle=Senior SDE, companyName=Alibaba), EmployeeHistoryInsertDTO(startDate=2022-01-01, endDate=2023-12-31, jobTitle=Full stack Developer, companyName=Byte Dance)])
2025-06-16 18:44:09 [http-nio-8080-exec-1] INFO  c.k.tliasbackend.controller.EmployeeController - Inserting new employee completed.
2025-06-16 18:46:53 [http-nio-8080-exec-5] INFO  c.k.tliasbackend.controller.EmployeeController - Inserting new employee started. DTO: EmployeeInsertDTO(username=NewUser, name=New User, gender=2, phone=0987654321, jobTitle=2, departmentId=2, salary=7200.00, image=https://tlias-school-management-system.oss-us-west-1.aliyuncs.com/tlias/employee/image/2025/06/62b43e66-2565-403b-8649-ec3cb8821438.jpeg, entryDate=2024-07-01, employeeHistoryInsertDTOList=[EmployeeHistoryInsertDTO(startDate=2021-01-01, endDate=2022-12-31, jobTitle=Junior Developer, companyName=Tech Company), EmployeeHistoryInsertDTO(startDate=2023-01-01, endDate=2024-06-30, jobTitle=Software Engineer, companyName=Innovative Solutions)])
2025-06-16 18:46:53 [http-nio-8080-exec-5] INFO  c.k.tliasbackend.controller.EmployeeController - Inserting new employee completed.
2025-06-16 18:48:20 [http-nio-8080-exec-8] INFO  c.k.tliasbackend.controller.EmployeeController - Inserting new employee started. DTO: EmployeeInsertDTO(username=JohnDoe, name=John Doe, gender=2, phone=9876543210, jobTitle=2, departmentId=2, salary=7500, image=https://tlias-school-management-system.oss-us-west-1.aliyuncs.com/tlias/employee/image/2025/06/b330326c-3d72-40f4-94dc-66886155128c.jpeg, entryDate=2024-07-01, employeeHistoryInsertDTOList=[EmployeeHistoryInsertDTO(startDate=2019-05-01, endDate=2020-04-30, jobTitle=Junior Developer, companyName=Tech Solutions), EmployeeHistoryInsertDTO(startDate=2020-05-01, endDate=2023-06-30, jobTitle=Software Engineer, companyName=Innovatech)])
2025-06-16 18:48:20 [http-nio-8080-exec-8] INFO  c.k.tliasbackend.controller.EmployeeController - Inserting new employee completed.
2025-06-16 18:49:56 [http-nio-8080-exec-2] INFO  c.k.tliasbackend.controller.EmployeeController - Inserting new employee started. DTO: EmployeeInsertDTO(username=Test111, name=Test Test222, gender=1, phone=1234567890, jobTitle=1, departmentId=1, salary=6800, image=https://tlias-school-management-system.oss-us-west-1.aliyuncs.com/tlias/employee/image/2025/06/b330326c-3d72-40f4-94dc-66886155128c.jpeg, entryDate=2024-06-01, employeeHistoryInsertDTOList=[EmployeeHistoryInsertDTO(startDate=2020-01-01, endDate=2021-12-31, jobTitle=Senior SDE, companyName=Alibaba), EmployeeHistoryInsertDTO(startDate=2022-01-01, endDate=2023-12-31, jobTitle=Full stack Developer, companyName=Byte Dance)])
2025-06-16 18:49:56 [http-nio-8080-exec-2] INFO  c.k.tliasbackend.controller.EmployeeController - Inserting new employee completed.
2025-06-16 18:54:09 [http-nio-8080-exec-6] INFO  c.k.tliasbackend.controller.EmployeeController - Deleting employee started. IDs: [53, 54, 55]
2025-06-16 18:54:10 [http-nio-8080-exec-6] INFO  c.k.tliasbackend.controller.EmployeeController - Deleting employee completed.
