2025-06-11 18:36:51 [http-nio-8080-exec-2] INFO  c.k.tliasbackend.service.impl.EmployeeServiceImpl - Fetching all employees with their department names and job titles started.
2025-06-11 18:36:51 [http-nio-8080-exec-2] INFO  c.k.tliasbackend.service.impl.EmployeeServiceImpl - Fetched 50 employees from the database.
2025-06-11 18:36:51 [http-nio-8080-exec-2] INFO  c.k.tliasbackend.service.impl.EmployeeServiceImpl - Converting Employee entities to EmployeeResponseDTOs.
2025-06-11 18:36:51 [http-nio-8080-exec-2] INFO  c.k.tliasbackend.service.impl.EmployeeServiceImpl - Converted 50 Employee entities to EmployeeResponseDTOs.
2025-06-11 20:03:01 [http-nio-8080-exec-2] INFO  c.k.tliasbackend.service.impl.EmployeeServiceImpl - Fetching all employees with their department names and job titles started.
2025-06-11 20:03:21 [http-nio-8080-exec-4] INFO  c.k.tliasbackend.service.impl.EmployeeServiceImpl - Fetching all employees with their department names and job titles started.
2025-06-11 20:03:37 [http-nio-8080-exec-5] INFO  c.k.tliasbackend.service.impl.EmployeeServiceImpl - Fetching all employees with their department names and job titles started.
2025-06-11 20:04:19 [http-nio-8080-exec-2] INFO  c.k.tliasbackend.service.impl.EmployeeServiceImpl - Fetching all employees with their department names and job titles started.
2025-06-11 20:04:19 [http-nio-8080-exec-2] INFO  c.k.tliasbackend.service.impl.EmployeeServiceImpl - Fetched 10 employees from the database.
2025-06-11 20:04:19 [http-nio-8080-exec-2] INFO  c.k.tliasbackend.service.impl.EmployeeServiceImpl - Converting Employee entities to EmployeeResponseDTOs then convert to PageResult.
2025-06-11 20:04:19 [http-nio-8080-exec-2] INFO  c.k.tliasbackend.service.impl.EmployeeServiceImpl - Converted 10 Employee entities to EmployeeResponseDTOs completed.
2025-06-11 20:04:19 [http-nio-8080-exec-2] INFO  c.k.tliasbackend.service.impl.EmployeeServiceImpl - Total number of employees in the database: 50
2025-06-11 20:04:19 [http-nio-8080-exec-2] INFO  c.k.tliasbackend.service.impl.EmployeeServiceImpl - Returning PageResult with total: 50 and records size: 10
2025-06-11 22:20:49 [http-nio-8080-exec-2] INFO  c.k.tliasbackend.service.impl.EmployeeServiceImpl - Fetching all employees with their department names and job titles started.
2025-06-11 22:20:49 [http-nio-8080-exec-2] INFO  c.k.tliasbackend.service.impl.EmployeeServiceImpl - Fetched 50 employees from the database.
2025-06-11 22:20:49 [http-nio-8080-exec-2] INFO  c.k.tliasbackend.service.impl.EmployeeServiceImpl - Converting Employee entities to EmployeeResponseDTOs then convert to PageResult.
2025-06-11 22:20:49 [http-nio-8080-exec-2] INFO  c.k.tliasbackend.service.impl.EmployeeServiceImpl - Converted 50 Employee entities to EmployeeResponseDTOs completed.
2025-06-11 22:20:52 [http-nio-8080-exec-3] INFO  c.k.tliasbackend.service.impl.EmployeeServiceImpl - Fetching all employees with their department names and job titles started.
2025-06-11 22:20:52 [http-nio-8080-exec-3] INFO  c.k.tliasbackend.service.impl.EmployeeServiceImpl - Fetched 50 employees from the database.
2025-06-11 22:20:52 [http-nio-8080-exec-3] INFO  c.k.tliasbackend.service.impl.EmployeeServiceImpl - Converting Employee entities to EmployeeResponseDTOs then convert to PageResult.
2025-06-11 22:20:52 [http-nio-8080-exec-3] INFO  c.k.tliasbackend.service.impl.EmployeeServiceImpl - Converted 50 Employee entities to EmployeeResponseDTOs completed.
2025-06-11 22:43:03 [http-nio-8080-exec-1] INFO  c.k.tliasbackend.service.impl.EmployeeServiceImpl - Fetching all employees with their department names and job titles started.
2025-06-11 22:43:03 [http-nio-8080-exec-1] INFO  c.k.tliasbackend.service.impl.EmployeeServiceImpl - Fetched 50 employees from the database.
2025-06-11 22:43:03 [http-nio-8080-exec-1] INFO  c.k.tliasbackend.service.impl.EmployeeServiceImpl - Converting Employee entities to EmployeeResponseDTOs then convert to PageResult.
2025-06-11 22:43:03 [http-nio-8080-exec-1] INFO  c.k.tliasbackend.service.impl.EmployeeServiceImpl - Converted 50 Employee entities to EmployeeResponseDTOs completed.
2025-06-11 22:48:58 [http-nio-8080-exec-2] INFO  c.k.tliasbackend.service.impl.EmployeeServiceImpl - Fetching all employees with their department names and job titles started.
2025-06-11 22:48:58 [http-nio-8080-exec-2] INFO  c.k.tliasbackend.service.impl.EmployeeServiceImpl - Fetched 50 employees from the database.
2025-06-11 22:48:58 [http-nio-8080-exec-2] INFO  c.k.tliasbackend.service.impl.EmployeeServiceImpl - Converting Employee entities to EmployeeResponseDTOs then convert to PageResult.
2025-06-11 22:48:58 [http-nio-8080-exec-2] INFO  c.k.tliasbackend.service.impl.EmployeeServiceImpl - Converted 50 Employee entities to EmployeeResponseDTOs completed.
2025-06-11 22:53:26 [http-nio-8080-exec-1] INFO  c.k.tliasbackend.service.impl.EmployeeServiceImpl - Fetching all employees with their department names and job titles started.
2025-06-11 22:54:55 [http-nio-8080-exec-1] INFO  c.k.tliasbackend.service.impl.EmployeeServiceImpl - Fetching all employees with their department names and job titles started.
2025-06-11 22:55:42 [http-nio-8080-exec-1] INFO  c.k.tliasbackend.service.impl.EmployeeServiceImpl - Fetching all employees with their department names and job titles started.
2025-06-11 22:55:42 [http-nio-8080-exec-1] INFO  c.k.tliasbackend.service.impl.EmployeeServiceImpl - Fetched 10 employees from the database.
2025-06-11 22:55:42 [http-nio-8080-exec-1] INFO  c.k.tliasbackend.service.impl.EmployeeServiceImpl - Converting Employee entities to EmployeeResponseDTOs then convert to PageResult.
2025-06-11 22:55:42 [http-nio-8080-exec-1] INFO  c.k.tliasbackend.service.impl.EmployeeServiceImpl - Converted 10 Employee entities to EmployeeResponseDTOs completed.
