2025-06-22 15:18:12 [http-nio-8080-exec-2] INFO  c.k.tliasbackend.service.impl.ClazzServiceImpl - getAllClazzesByCondition: ClazzQueryParam(name=, beginDate=null, endDate=null, page=2, pageSize=10)
2025-06-22 15:18:12 [http-nio-8080-exec-2] INFO  c.k.tliasbackend.service.impl.ClazzServiceImpl - Found 10 classes for the given query parameters.
2025-06-22 15:22:57 [http-nio-8080-exec-1] INFO  c.k.tliasbackend.service.impl.ClazzServiceImpl - getAllClazzesByCondition: ClazzQueryParam(name=, beginDate=null, endDate=null, page=2, pageSize=10)
2025-06-22 15:22:57 [http-nio-8080-exec-1] INFO  c.k.tliasbackend.service.impl.ClazzServiceImpl - Found 10 classes for the given query parameters.
2025-06-22 15:35:28 [http-nio-8080-exec-1] INFO  c.k.tliasbackend.service.impl.ClazzServiceImpl - getAllClazzesByCondition: ClazzQueryParam(name=, beginDate=null, endDate=null, page=2, pageSize=10)
2025-06-22 15:37:32 [http-nio-8080-exec-1] INFO  c.k.tliasbackend.service.impl.ClazzServiceImpl - getAllClazzesByCondition: ClazzQueryParam(name=, beginDate=null, endDate=null, page=2, pageSize=10)
2025-06-22 15:37:32 [http-nio-8080-exec-1] INFO  c.k.tliasbackend.service.impl.ClazzServiceImpl - Found 10 classes for the given query parameters.
2025-06-22 17:20:37 [http-nio-8080-exec-1] INFO  c.k.tliasbackend.service.impl.ClazzServiceImpl - insertClazzInfo: ClazzInsertDTO(name=DevOps Engineering - Cohort 3, room=IT-403, beginDate=2025-10-05, endDate=2026-04-15, masterName=Gloria Bell, subjectName=DevOps Engineering)
2025-06-22 17:20:37 [http-nio-8080-exec-1] ERROR c.k.tliasbackend.service.impl.ClazzServiceImpl - Master not fdoun for name: Gloria Bell
2025-06-22 17:22:49 [http-nio-8080-exec-2] INFO  c.k.tliasbackend.service.impl.ClazzServiceImpl - insertClazzInfo: ClazzInsertDTO(name=DevOps Engineering - Cohort 3, room=IT-403, beginDate=2025-10-05, endDate=2026-04-15, masterName=Gloria Bell, subjectName=DevOps Engineering)
2025-06-22 17:22:49 [http-nio-8080-exec-2] INFO  c.k.tliasbackend.service.impl.ClazzServiceImpl - Master ID: 44, Subject ID: 10
2025-06-22 17:22:49 [http-nio-8080-exec-2] INFO  c.k.tliasbackend.service.impl.ClazzServiceImpl - Clazz Entity: Clazz(id=null, name=DevOps Engineering - Cohort 3, room=IT-403, beginDate=2025-10-05, endDate=2026-04-15, masterId=44, subjectId=10, createTime=null, updateTime=null)
2025-06-22 17:22:49 [http-nio-8080-exec-2] INFO  c.k.tliasbackend.service.impl.ClazzServiceImpl - Inserted class information successfully: DevOps Engineering - Cohort 3
2025-06-22 17:49:55 [http-nio-8080-exec-1] INFO  c.k.tliasbackend.service.impl.ClazzServiceImpl - deleteClazzById: [22]
2025-06-22 17:51:01 [http-nio-8080-exec-2] INFO  c.k.tliasbackend.service.impl.ClazzServiceImpl - deleteClazzById: [22]
2025-06-22 17:51:01 [http-nio-8080-exec-2] INFO  c.k.tliasbackend.service.impl.ClazzServiceImpl - Status list for classes with IDs [22]: [Ongoing]
2025-06-22 17:51:01 [http-nio-8080-exec-2] ERROR c.k.tliasbackend.service.impl.ClazzServiceImpl - Cannot delete class with ongoing status.
2025-06-22 17:54:55 [http-nio-8080-exec-3] INFO  c.k.tliasbackend.service.impl.ClazzServiceImpl - deleteClazzById: [22]
2025-06-22 17:54:55 [http-nio-8080-exec-3] INFO  c.k.tliasbackend.service.impl.ClazzServiceImpl - Status list for classes with IDs [22]: [Ongoing]
2025-06-22 17:54:55 [http-nio-8080-exec-3] ERROR c.k.tliasbackend.service.impl.ClazzServiceImpl - Cannot delete class with ongoing status.
2025-06-22 17:56:25 [http-nio-8080-exec-2] INFO  c.k.tliasbackend.service.impl.ClazzServiceImpl - deleteClazzById: [22]
2025-06-22 17:56:25 [http-nio-8080-exec-2] INFO  c.k.tliasbackend.service.impl.ClazzServiceImpl - Status list for classes with IDs [22]: [Ongoing]
2025-06-22 17:56:25 [http-nio-8080-exec-2] ERROR c.k.tliasbackend.service.impl.ClazzServiceImpl - Cannot delete class with ongoing status.
2025-06-22 17:56:38 [http-nio-8080-exec-3] INFO  c.k.tliasbackend.service.impl.ClazzServiceImpl - deleteClazzById: [23]
2025-06-22 17:56:38 [http-nio-8080-exec-3] INFO  c.k.tliasbackend.service.impl.ClazzServiceImpl - Status list for classes with IDs [23]: [Upcoming]
2025-06-22 17:56:38 [http-nio-8080-exec-3] INFO  c.k.tliasbackend.service.impl.ClazzServiceImpl - Deleted classes with IDs: [23]
