2025-06-16 18:38:58 [http-nio-8080-exec-8] INFO  c.k.tliasbackend.service.impl.EmployeeServiceImpl - Deleting employee started. IDs: [52], Image URLs: [https://i.pravatar.cc/250?u=KeZhang]
2025-06-16 18:38:58 [http-nio-8080-exec-8] INFO  c.k.tliasbackend.service.impl.EmployeeServiceImpl - Deleted OSS image file: https://i.pravatar.cc/250?u=KeZhang
2025-06-16 18:38:58 [http-nio-8080-exec-8] INFO  c.k.tliasbackend.service.impl.EmployeeServiceImpl - Deleting employee information started. IDs: [52]
2025-06-16 18:38:58 [http-nio-8080-exec-8] INFO  c.k.tliasbackend.service.impl.EmployeeServiceImpl - Deleted employee information successfully. IDs: [52]
2025-06-16 18:38:58 [http-nio-8080-exec-8] INFO  c.k.tliasbackend.service.impl.EmployeeServiceImpl - Deleting employee history information started. IDs: [52]
2025-06-16 18:38:58 [http-nio-8080-exec-8] INFO  c.k.tliasbackend.service.impl.EmployeeServiceImpl - Deleted employee history information successfully. IDs: [52]
2025-06-16 18:41:32 [http-nio-8080-exec-2] INFO  c.k.tliasbackend.service.impl.EmployeeServiceImpl - Converting new employee started. DTO: EmployeeInsertDTO(username=KeZhang, name=Ke Zhang, gender=1, phone=1234567890, jobTitle=1, departmentId=1, salary=6800.00, image=https://tlias-school-management-system.oss-us-west-1.aliyuncs.com/tlias/employee/image/2025/06/14a60762-eccb-4e5b-93ac-12c726f60401.jpeg, entryDate=2024-06-01, employeeHistoryInsertDTOList=[EmployeeHistoryInsertDTO(startDate=2020-01-01, endDate=2021-12-31, jobTitle=Senior SDE, companyName=Alibaba), EmployeeHistoryInsertDTO(startDate=2022-01-01, endDate=2023-12-31, jobTitle=Full stack Developer, companyName=Byte Dance)])
2025-06-16 18:41:32 [http-nio-8080-exec-2] INFO  c.k.tliasbackend.service.impl.EmployeeServiceImpl - Converted new employee to entity: Employee(id=null, username=KeZhang, password=null, name=Ke Zhang, gender=1, phone=1234567890, jobTitle=1, departmentId=1, salary=6800.00, image=https://tlias-school-management-system.oss-us-west-1.aliyuncs.com/tlias/employee/image/2025/06/14a60762-eccb-4e5b-93ac-12c726f60401.jpeg, entryDate=2024-06-01, createTime=null, updateTime=null)
2025-06-16 18:41:32 [http-nio-8080-exec-2] INFO  c.k.tliasbackend.service.impl.EmployeeServiceImpl - Inserting new employee into the database started.
2025-06-16 18:44:09 [http-nio-8080-exec-1] INFO  c.k.tliasbackend.service.impl.EmployeeServiceImpl - Converting new employee started. DTO: EmployeeInsertDTO(username=KeZhang, name=Ke Zhang, gender=1, phone=1234567890, jobTitle=1, departmentId=1, salary=6800.00, image=https://tlias-school-management-system.oss-us-west-1.aliyuncs.com/tlias/employee/image/2025/06/14a60762-eccb-4e5b-93ac-12c726f60401.jpeg, entryDate=2024-06-01, employeeHistoryInsertDTOList=[EmployeeHistoryInsertDTO(startDate=2020-01-01, endDate=2021-12-31, jobTitle=Senior SDE, companyName=Alibaba), EmployeeHistoryInsertDTO(startDate=2022-01-01, endDate=2023-12-31, jobTitle=Full stack Developer, companyName=Byte Dance)])
2025-06-16 18:44:09 [http-nio-8080-exec-1] INFO  c.k.tliasbackend.service.impl.EmployeeServiceImpl - Converted new employee to entity: Employee(id=null, username=KeZhang, password=null, name=Ke Zhang, gender=1, phone=1234567890, jobTitle=1, departmentId=1, salary=6800.00, image=https://tlias-school-management-system.oss-us-west-1.aliyuncs.com/tlias/employee/image/2025/06/14a60762-eccb-4e5b-93ac-12c726f60401.jpeg, entryDate=2024-06-01, createTime=null, updateTime=null)
2025-06-16 18:44:09 [http-nio-8080-exec-1] INFO  c.k.tliasbackend.service.impl.EmployeeServiceImpl - Inserting new employee into the database started.
2025-06-16 18:44:09 [http-nio-8080-exec-1] INFO  c.k.tliasbackend.service.impl.EmployeeServiceImpl - Inserted new employee into the database successfully. Employee ID: 53
2025-06-16 18:44:09 [http-nio-8080-exec-1] INFO  c.k.tliasbackend.service.impl.EmployeeServiceImpl - Converting employeeHistoryInsertDTOList to EmployeeHistory, and set employeeId started.
2025-06-16 18:44:09 [http-nio-8080-exec-1] INFO  c.k.tliasbackend.service.impl.EmployeeServiceImpl - Converted employeeHistoryInsertDTOList to EmployeeHistory, and set employeeId successfully. EmployeeHistoryList: [EmployeeHistory(id=null, startDate=2020-01-01, endDate=2021-12-31, jobTitle=Senior SDE, companyName=Alibaba, employeeId=53), EmployeeHistory(id=null, startDate=2022-01-01, endDate=2023-12-31, jobTitle=Full stack Developer, companyName=Byte Dance, employeeId=53)]
2025-06-16 18:44:09 [http-nio-8080-exec-1] INFO  c.k.tliasbackend.service.impl.EmployeeServiceImpl - Inserting employeeHistoryList into the database started.
2025-06-16 18:44:09 [http-nio-8080-exec-1] INFO  c.k.tliasbackend.service.impl.EmployeeServiceImpl - Inserted employeeHistoryList into the database successfully. Size: 2
2025-06-16 18:46:53 [http-nio-8080-exec-5] INFO  c.k.tliasbackend.service.impl.EmployeeServiceImpl - Converting new employee started. DTO: EmployeeInsertDTO(username=NewUser, name=New User, gender=2, phone=0987654321, jobTitle=2, departmentId=2, salary=7200.00, image=https://tlias-school-management-system.oss-us-west-1.aliyuncs.com/tlias/employee/image/2025/06/62b43e66-2565-403b-8649-ec3cb8821438.jpeg, entryDate=2024-07-01, employeeHistoryInsertDTOList=[EmployeeHistoryInsertDTO(startDate=2021-01-01, endDate=2022-12-31, jobTitle=Junior Developer, companyName=Tech Company), EmployeeHistoryInsertDTO(startDate=2023-01-01, endDate=2024-06-30, jobTitle=Software Engineer, companyName=Innovative Solutions)])
2025-06-16 18:46:53 [http-nio-8080-exec-5] INFO  c.k.tliasbackend.service.impl.EmployeeServiceImpl - Converted new employee to entity: Employee(id=null, username=NewUser, password=null, name=New User, gender=2, phone=0987654321, jobTitle=2, departmentId=2, salary=7200.00, image=https://tlias-school-management-system.oss-us-west-1.aliyuncs.com/tlias/employee/image/2025/06/62b43e66-2565-403b-8649-ec3cb8821438.jpeg, entryDate=2024-07-01, createTime=null, updateTime=null)
2025-06-16 18:46:53 [http-nio-8080-exec-5] INFO  c.k.tliasbackend.service.impl.EmployeeServiceImpl - Inserting new employee into the database started.
2025-06-16 18:46:53 [http-nio-8080-exec-5] INFO  c.k.tliasbackend.service.impl.EmployeeServiceImpl - Inserted new employee into the database successfully. Employee ID: 54
2025-06-16 18:46:53 [http-nio-8080-exec-5] INFO  c.k.tliasbackend.service.impl.EmployeeServiceImpl - Converting employeeHistoryInsertDTOList to EmployeeHistory, and set employeeId started.
2025-06-16 18:46:53 [http-nio-8080-exec-5] INFO  c.k.tliasbackend.service.impl.EmployeeServiceImpl - Converted employeeHistoryInsertDTOList to EmployeeHistory, and set employeeId successfully. EmployeeHistoryList: [EmployeeHistory(id=null, startDate=2021-01-01, endDate=2022-12-31, jobTitle=Junior Developer, companyName=Tech Company, employeeId=54), EmployeeHistory(id=null, startDate=2023-01-01, endDate=2024-06-30, jobTitle=Software Engineer, companyName=Innovative Solutions, employeeId=54)]
2025-06-16 18:46:53 [http-nio-8080-exec-5] INFO  c.k.tliasbackend.service.impl.EmployeeServiceImpl - Inserting employeeHistoryList into the database started.
2025-06-16 18:46:53 [http-nio-8080-exec-5] INFO  c.k.tliasbackend.service.impl.EmployeeServiceImpl - Inserted employeeHistoryList into the database successfully. Size: 2
2025-06-16 18:48:20 [http-nio-8080-exec-8] INFO  c.k.tliasbackend.service.impl.EmployeeServiceImpl - Converting new employee started. DTO: EmployeeInsertDTO(username=JohnDoe, name=John Doe, gender=2, phone=9876543210, jobTitle=2, departmentId=2, salary=7500, image=https://tlias-school-management-system.oss-us-west-1.aliyuncs.com/tlias/employee/image/2025/06/b330326c-3d72-40f4-94dc-66886155128c.jpeg, entryDate=2024-07-01, employeeHistoryInsertDTOList=[EmployeeHistoryInsertDTO(startDate=2019-05-01, endDate=2020-04-30, jobTitle=Junior Developer, companyName=Tech Solutions), EmployeeHistoryInsertDTO(startDate=2020-05-01, endDate=2023-06-30, jobTitle=Software Engineer, companyName=Innovatech)])
2025-06-16 18:48:20 [http-nio-8080-exec-8] INFO  c.k.tliasbackend.service.impl.EmployeeServiceImpl - Converted new employee to entity: Employee(id=null, username=JohnDoe, password=null, name=John Doe, gender=2, phone=9876543210, jobTitle=2, departmentId=2, salary=7500, image=https://tlias-school-management-system.oss-us-west-1.aliyuncs.com/tlias/employee/image/2025/06/b330326c-3d72-40f4-94dc-66886155128c.jpeg, entryDate=2024-07-01, createTime=null, updateTime=null)
2025-06-16 18:48:20 [http-nio-8080-exec-8] INFO  c.k.tliasbackend.service.impl.EmployeeServiceImpl - Inserting new employee into the database started.
2025-06-16 18:48:20 [http-nio-8080-exec-8] INFO  c.k.tliasbackend.service.impl.EmployeeServiceImpl - Inserted new employee into the database successfully. Employee ID: 55
2025-06-16 18:48:20 [http-nio-8080-exec-8] INFO  c.k.tliasbackend.service.impl.EmployeeServiceImpl - Converting employeeHistoryInsertDTOList to EmployeeHistory, and set employeeId started.
2025-06-16 18:48:20 [http-nio-8080-exec-8] INFO  c.k.tliasbackend.service.impl.EmployeeServiceImpl - Converted employeeHistoryInsertDTOList to EmployeeHistory, and set employeeId successfully. EmployeeHistoryList: [EmployeeHistory(id=null, startDate=2019-05-01, endDate=2020-04-30, jobTitle=Junior Developer, companyName=Tech Solutions, employeeId=55), EmployeeHistory(id=null, startDate=2020-05-01, endDate=2023-06-30, jobTitle=Software Engineer, companyName=Innovatech, employeeId=55)]
2025-06-16 18:48:20 [http-nio-8080-exec-8] INFO  c.k.tliasbackend.service.impl.EmployeeServiceImpl - Inserting employeeHistoryList into the database started.
2025-06-16 18:48:20 [http-nio-8080-exec-8] INFO  c.k.tliasbackend.service.impl.EmployeeServiceImpl - Inserted employeeHistoryList into the database successfully. Size: 2
2025-06-16 18:49:56 [http-nio-8080-exec-2] INFO  c.k.tliasbackend.service.impl.EmployeeServiceImpl - Converting new employee started. DTO: EmployeeInsertDTO(username=Test111, name=Test Test222, gender=1, phone=1234567890, jobTitle=1, departmentId=1, salary=6800, image=https://tlias-school-management-system.oss-us-west-1.aliyuncs.com/tlias/employee/image/2025/06/b330326c-3d72-40f4-94dc-66886155128c.jpeg, entryDate=2024-06-01, employeeHistoryInsertDTOList=[EmployeeHistoryInsertDTO(startDate=2020-01-01, endDate=2021-12-31, jobTitle=Senior SDE, companyName=Alibaba), EmployeeHistoryInsertDTO(startDate=2022-01-01, endDate=2023-12-31, jobTitle=Full stack Developer, companyName=Byte Dance)])
2025-06-16 18:49:56 [http-nio-8080-exec-2] INFO  c.k.tliasbackend.service.impl.EmployeeServiceImpl - Converted new employee to entity: Employee(id=null, username=Test111, password=null, name=Test Test222, gender=1, phone=1234567890, jobTitle=1, departmentId=1, salary=6800, image=https://tlias-school-management-system.oss-us-west-1.aliyuncs.com/tlias/employee/image/2025/06/b330326c-3d72-40f4-94dc-66886155128c.jpeg, entryDate=2024-06-01, createTime=null, updateTime=null)
2025-06-16 18:49:56 [http-nio-8080-exec-2] INFO  c.k.tliasbackend.service.impl.EmployeeServiceImpl - Inserting new employee into the database started.
2025-06-16 18:49:56 [http-nio-8080-exec-2] INFO  c.k.tliasbackend.service.impl.EmployeeServiceImpl - Inserted new employee into the database successfully. Employee ID: 56
2025-06-16 18:49:56 [http-nio-8080-exec-2] INFO  c.k.tliasbackend.service.impl.EmployeeServiceImpl - Converting employeeHistoryInsertDTOList to EmployeeHistory, and set employeeId started.
2025-06-16 18:49:56 [http-nio-8080-exec-2] INFO  c.k.tliasbackend.service.impl.EmployeeServiceImpl - Converted employeeHistoryInsertDTOList to EmployeeHistory, and set employeeId successfully. EmployeeHistoryList: [EmployeeHistory(id=null, startDate=2020-01-01, endDate=2021-12-31, jobTitle=Senior SDE, companyName=Alibaba, employeeId=56), EmployeeHistory(id=null, startDate=2022-01-01, endDate=2023-12-31, jobTitle=Full stack Developer, companyName=Byte Dance, employeeId=56)]
2025-06-16 18:49:56 [http-nio-8080-exec-2] INFO  c.k.tliasbackend.service.impl.EmployeeServiceImpl - Inserting employeeHistoryList into the database started.
2025-06-16 18:49:56 [http-nio-8080-exec-2] INFO  c.k.tliasbackend.service.impl.EmployeeServiceImpl - Inserted employeeHistoryList into the database successfully. Size: 2
2025-06-16 18:54:09 [http-nio-8080-exec-6] INFO  c.k.tliasbackend.service.impl.EmployeeServiceImpl - Deleting employee started. IDs: [53, 54, 55], Image URLs: [https://tlias-school-management-system.oss-us-west-1.aliyuncs.com/tlias/employee/image/2025/06/14a60762-eccb-4e5b-93ac-12c726f60401.jpeg, https://tlias-school-management-system.oss-us-west-1.aliyuncs.com/tlias/employee/image/2025/06/62b43e66-2565-403b-8649-ec3cb8821438.jpeg, https://tlias-school-management-system.oss-us-west-1.aliyuncs.com/tlias/employee/image/2025/06/b330326c-3d72-40f4-94dc-66886155128c.jpeg]
2025-06-16 18:54:10 [http-nio-8080-exec-6] INFO  c.k.tliasbackend.service.impl.EmployeeServiceImpl - Deleted OSS image file: https://tlias-school-management-system.oss-us-west-1.aliyuncs.com/tlias/employee/image/2025/06/14a60762-eccb-4e5b-93ac-12c726f60401.jpeg
2025-06-16 18:54:10 [http-nio-8080-exec-6] INFO  c.k.tliasbackend.service.impl.EmployeeServiceImpl - Deleted OSS image file: https://tlias-school-management-system.oss-us-west-1.aliyuncs.com/tlias/employee/image/2025/06/62b43e66-2565-403b-8649-ec3cb8821438.jpeg
2025-06-16 18:54:10 [http-nio-8080-exec-6] INFO  c.k.tliasbackend.service.impl.EmployeeServiceImpl - Deleted OSS image file: https://tlias-school-management-system.oss-us-west-1.aliyuncs.com/tlias/employee/image/2025/06/b330326c-3d72-40f4-94dc-66886155128c.jpeg
2025-06-16 18:54:10 [http-nio-8080-exec-6] INFO  c.k.tliasbackend.service.impl.EmployeeServiceImpl - Deleting employee information started. IDs: [53, 54, 55]
2025-06-16 18:54:10 [http-nio-8080-exec-6] INFO  c.k.tliasbackend.service.impl.EmployeeServiceImpl - Deleted employee information successfully. IDs: [53, 54, 55]
2025-06-16 18:54:10 [http-nio-8080-exec-6] INFO  c.k.tliasbackend.service.impl.EmployeeServiceImpl - Deleting employee history information started. IDs: [53, 54, 55]
2025-06-16 18:54:10 [http-nio-8080-exec-6] INFO  c.k.tliasbackend.service.impl.EmployeeServiceImpl - Deleted employee history information successfully. IDs: [53, 54, 55]
