2025-07-02 17:56:08 [http-nio-8080-exec-1] INFO  c.k.tliasbackend.service.impl.LoginServiceImpl - Login request received, processing login for employee: KeZhang
2025-07-02 17:56:08 [http-nio-8080-exec-1] INFO  c.k.tliasbackend.service.impl.LoginServiceImpl - Login successful for employee: KeZhang
2025-07-02 17:56:08 [http-nio-8080-exec-1] INFO  c.k.tliasbackend.service.impl.LoginServiceImpl - Returning login response for employee: KeZhang
2025-07-02 17:58:22 [http-nio-8080-exec-7] INFO  c.k.tliasbackend.service.impl.EmployeeServiceImpl - Fetching employee by ID: 20
2025-07-02 17:58:22 [http-nio-8080-exec-7] INFO  c.k.tliasbackend.service.impl.EmployeeServiceImpl - Fetched employee by ID: 20, EmployeeDisplayDTO: EmployeeUpdateDTO(id=20, username=KarenAllen, name=Karen Allen, gender=0, phone=9783524985, jobTitle=4, departmentId=4, salary=54113.27, entryDate=2017-09-20, image=https://i.pravatar.cc/250?u=KarenAllen, employeeHistoryUpdateDTOList=[])
2025-07-02 17:59:29 [http-nio-8080-exec-10] INFO  c.k.tliasbackend.service.impl.StudentServiceImpl - Received request to delete students with IDs: [145]
2025-07-02 17:59:29 [http-nio-8080-exec-10] INFO  c.k.tliasbackend.service.impl.StudentServiceImpl - Students with IDs [145] deleted successfully
2025-07-02 18:04:09 [http-nio-8080-exec-2] INFO  c.k.tliasbackend.service.impl.StudentServiceImpl - Received request to update student: StudentUpdateDTO(id=145, name=Ke Zhang, accountNumber=, gender=0, phone=, idCard=, address=, clazzId=15, isCollege=1, degree=4, graduationDate=2022-12-18, violationCount=0, violationScore=0, createTime=2025-06-23T21:20:47, updateTime=2025-06-23T21:20:47)
2025-07-02 18:04:09 [http-nio-8080-exec-2] INFO  c.k.tliasbackend.service.impl.StudentServiceImpl - Converted Student entity for update: Student(id=145, name=Ke Zhang, accountNumber=, gender=0, phone=, idCard=, address=, clazzId=15, isCollege=1, degree=4, graduationDate=2022-12-18, violationCount=0, violationScore=0, createTime=2025-06-23T21:20:47, updateTime=2025-06-23T21:20:47)
2025-07-02 18:04:09 [http-nio-8080-exec-2] WARN  c.k.tliasbackend.service.impl.StudentServiceImpl - No student found with ID: 145
2025-07-02 18:06:31 [http-nio-8080-exec-3] INFO  c.k.tliasbackend.service.impl.StudentServiceImpl - Received student insert request: StudentInsertDTO(name=Ke Zhang, accountNumber=, gender=0, phone=, idCard=, address=, clazzId=15, isCollege=1, degree=4, graduationDate=2022-12-18)
2025-07-02 18:06:31 [http-nio-8080-exec-3] INFO  c.k.tliasbackend.service.impl.StudentServiceImpl - Converted Student entity for insertion: Student(id=null, name=Ke Zhang, accountNumber=, gender=0, phone=, idCard=, address=, clazzId=15, isCollege=1, degree=4, graduationDate=2022-12-18, violationCount=null, violationScore=null, createTime=null, updateTime=null)
2025-07-02 18:06:31 [http-nio-8080-exec-3] INFO  c.k.tliasbackend.service.impl.StudentServiceImpl - Student inserted successfully: null
2025-07-02 18:06:40 [http-nio-8080-exec-5] INFO  c.k.tliasbackend.service.impl.StudentServiceImpl - Received student insert request: StudentInsertDTO(name=Ke Zhang, accountNumber=, gender=0, phone=, idCard=, address=, clazzId=15, isCollege=1, degree=4, graduationDate=2022-12-18)
2025-07-02 18:06:40 [http-nio-8080-exec-5] INFO  c.k.tliasbackend.service.impl.StudentServiceImpl - Converted Student entity for insertion: Student(id=null, name=Ke Zhang, accountNumber=, gender=0, phone=, idCard=, address=, clazzId=15, isCollege=1, degree=4, graduationDate=2022-12-18, violationCount=null, violationScore=null, createTime=null, updateTime=null)
2025-07-02 18:09:00 [http-nio-8080-exec-1] INFO  c.k.tliasbackend.service.impl.StudentServiceImpl - Received request to delete students with IDs: [145]
2025-07-02 18:09:00 [http-nio-8080-exec-1] WARN  c.k.tliasbackend.service.impl.StudentServiceImpl - No students found with the provided IDs: [145]
2025-07-02 18:21:20 [http-nio-8080-exec-3] INFO  c.k.tliasbackend.service.impl.StudentServiceImpl - Received request to delete students with IDs: [145]
2025-07-02 18:21:20 [http-nio-8080-exec-3] WARN  c.k.tliasbackend.service.impl.StudentServiceImpl - No students found with the provided IDs: [145]
2025-07-02 18:25:13 [http-nio-8080-exec-1] INFO  c.k.tliasbackend.service.impl.StudentServiceImpl - Received request to delete students with IDs: [145]
2025-07-02 18:25:13 [http-nio-8080-exec-1] WARN  c.k.tliasbackend.service.impl.StudentServiceImpl - No students found with the provided IDs: [145]
2025-07-02 18:26:03 [http-nio-8080-exec-3] INFO  c.k.tliasbackend.service.impl.StudentServiceImpl - Received request to delete students with IDs: [147]
2025-07-02 18:26:03 [http-nio-8080-exec-3] INFO  c.k.tliasbackend.service.impl.StudentServiceImpl - Students with IDs [147] deleted successfully
2025-07-02 18:33:00 [http-nio-8080-exec-2] INFO  c.k.tliasbackend.service.impl.StudentServiceImpl - Received request to delete students with IDs: [200]
2025-07-02 18:33:00 [http-nio-8080-exec-2] WARN  c.k.tliasbackend.service.impl.StudentServiceImpl - No students found with the provided IDs: [200]
2025-07-02 19:26:35 [http-nio-8080-exec-1] INFO  c.k.tliasbackend.service.impl.StudentServiceImpl - Received request to delete students with IDs: [200]
2025-07-02 19:26:35 [http-nio-8080-exec-1] WARN  c.k.tliasbackend.service.impl.StudentServiceImpl - No students found with the provided IDs: [200]
2025-07-02 19:27:57 [http-nio-8080-exec-2] INFO  c.k.tliasbackend.service.impl.StudentServiceImpl - Received request to delete students with IDs: [200]
2025-07-02 19:27:57 [http-nio-8080-exec-2] WARN  c.k.tliasbackend.service.impl.StudentServiceImpl - No students found with the provided IDs: [200]
